\BOOKMARK [0][-]{chapter*.2}{Resumen}{}% 1
\BOOKMARK [0][-]{chapter*.3}{Abstract}{}% 2
\BOOKMARK [0][-]{chapter*.4}{Introducci\363n}{}% 3
\BOOKMARK [0][-]{chapter.1}{M\351todo experimental}{}% 4
\BOOKMARK [1][-]{section.1.1}{Protocolo rotarod con aceleraci\363n}{chapter.1}% 5
\BOOKMARK [1][-]{section.1.2}{Registros en video}{chapter.1}% 6
\BOOKMARK [0][-]{chapter.2}{Extracci\363n de caracter\355sticas}{}% 7
\BOOKMARK [1][-]{section.2.1}{Captura de movimiento}{chapter.2}% 8
\BOOKMARK [1][-]{section.2.2}{\301ngulos entre partes del cuerpo}{chapter.2}% 9
\BOOKMARK [1][-]{section.2.3}{Espectros wavelet de los \341ngulos}{chapter.2}% 10
\BOOKMARK [1][-]{section.2.4}{Caracter\355sticas de pasos}{chapter.2}% 11
\BOOKMARK [0][-]{chapter.3}{Representaciones del comportamiento}{}% 12
\BOOKMARK [1][-]{section.3.1}{Niveles de descripci\363n del comportamiento}{chapter.3}% 13
\BOOKMARK [1][-]{section.3.2}{Variaci\363n en las m\351tricas por rendimiento y entrenamiento}{chapter.3}% 14
\BOOKMARK [0][-]{chapter.4}{Mapas de comportamiento}{}% 15
\BOOKMARK [1][-]{section.4.1}{Estructura espacial y temporal de los mapas}{chapter.4}% 16
\BOOKMARK [1][-]{section.4.2}{Cambios en las secuencias de comportamiento}{chapter.4}% 17
\BOOKMARK [0][-]{chapter*.26}{Conclusiones}{}% 18
\BOOKMARK [0][-]{section*.27}{Referencias}{}% 19
\BOOKMARK [0][-]{appendix.Alph1}{An\341lisis de caracter\355sticas}{}% 20
\BOOKMARK [1][-]{section.Alph1.1}{Captura de movimiento}{appendix.Alph1}% 21
\BOOKMARK [1][-]{section.Alph1.2}{\301ngulos entre partes del cuerpo}{appendix.Alph1}% 22
\BOOKMARK [1][-]{section.Alph1.3}{Espectros wavelet y PCA}{appendix.Alph1}% 23
\BOOKMARK [1][-]{section.Alph1.4}{Caracter\355sticas de pasos y poses}{appendix.Alph1}% 24
\BOOKMARK [0][-]{appendix.Alph2}{M\351tricas de comportamiento}{}% 25
\BOOKMARK [1][-]{section.Alph2.1}{Promedio}{appendix.Alph2}% 26
\BOOKMARK [1][-]{section.Alph2.2}{Pendiente}{appendix.Alph2}% 27
\BOOKMARK [1][-]{section.Alph2.3}{RMSE}{appendix.Alph2}% 28
\BOOKMARK [0][-]{appendix.Alph3}{An\341lisis de mapas de comportamiento}{}% 29
\BOOKMARK [1][-]{section.Alph3.1}{Caracterizaci\363n de los mapas UMAP}{appendix.Alph3}% 30
\BOOKMARK [1][-]{section.Alph3.2}{Labels de comportamiento}{appendix.Alph3}% 31
\BOOKMARK [0][-]{appendix*.56}{\315ndice de figuras}{}% 32
\BOOKMARK [0][-]{appendix*.57}{\315ndice de tablas}{}% 33
