This is pdfTeX, Version 3.14159265-2.6-1.40.20 (TeX Live 2019/Debian) (preloaded format=pdflatex 2020.10.6)  4 FEB 2022 09:58
entering extended mode
 restricted \write18 enabled.
 file:line:error style messages enabled.
 %&-line parsing enabled.
**"/home/alvaro/Documents/IB/Semestre 7/TM/GitHub/masters-thesis-latex/z-main.tex"
(/home/alvaro/Documents/IB/Semestre 7/TM/GitHub/masters-thesis-latex/z-main.tex
LaTeX2e <2020-02-02> patch level 2
L3 programming layer <2020-02-14> (/home/alvaro/Documents/IB/Semestre 7/TM/GitHub/masters-thesis-latex/ib-tesis.cls
Document Class: ib-tesis 2018/10/23 v0.1 IB - UnCuyo
(/home/alvaro/Documents/IB/Semestre 7/TM/GitHub/masters-thesis-latex/book.cls
Document Class: book 2014/09/29 v1.4h Standard LaTeX document class
(/usr/share/texlive/texmf-dist/tex/latex/base/bk10.clo
File: bk10.clo 2019/12/20 v1.4l Standard LaTeX file (size option)
)
\c@part=\count167
\c@chapter=\count168
\c@section=\count169
\c@subsection=\count170
\c@subsubsection=\count171
\c@paragraph=\count172
\c@subparagraph=\count173
\c@figure=\count174
\c@table=\count175
\abovecaptionskip=\skip47
\belowcaptionskip=\skip48
\bibindent=\dimen134
) (/usr/share/texlive/texmf-dist/tex/latex/base/fontenc.sty
Package: fontenc 2020/02/11 v2.0o Standard LaTeX package
) (/usr/share/texlive/texmf-dist/tex/generic/babel/babel.sty
Package: babel 2020/02/14 3.40 The Babel package
 (/usr/share/texlive/texmf-dist/tex/generic/babel/switch.def
File: switch.def 2020/02/14 3.40 Babel switching mechanism
) (/usr/share/texlive/texmf-dist/tex/generic/babel-english/english.ldf
Language: english 2017/06/06 v3.3r English support from the babel system
 (/usr/share/texlive/texmf-dist/tex/generic/babel/babel.def
File: babel.def 2020/02/14 3.40 Babel common definitions
\babel@savecnt=\count176
\U@D=\dimen135
 (/usr/share/texlive/texmf-dist/tex/generic/babel/txtbabel.def)
\bbl@readstream=\read2
\bbl@dirlevel=\count177
)
Package babel Info: \l@canadian = using hyphenrules for english
(babel)             (\language0) on input line 102.
Package babel Info: \l@australian = using hyphenrules for ukenglish
(babel)             (\language11) on input line 105.
Package babel Info: \l@newzealand = using hyphenrules for ukenglish
(babel)             (\language11) on input line 108.
) (/usr/share/texlive/texmf-dist/tex/generic/babel-spanish/spanish.ldf
Language: spanish.ldf 2016/03/03 v5.0p Spanish support from the babel system
\es@quottoks=\toks14
\es@quotdepth=\count178
Package babel Info: Making " an active character on input line 561.
Package babel Info: Making . an active character on input line 662.
Package babel Info: Making < an active character on input line 707.
Package babel Info: Making > an active character on input line 707.
)) (/usr/share/texlive/texmf-dist/tex/latex/geometry/geometry.sty
Package: geometry 2020/01/02 v5.9 Page Geometry
 (/usr/share/texlive/texmf-dist/tex/latex/graphics/keyval.sty
Package: keyval 2014/10/28 v1.15 key=value parser (DPC)
\KV@toks@=\toks15
) (/usr/share/texlive/texmf-dist/tex/generic/iftex/ifvtex.sty
Package: ifvtex 2019/10/25 v1.7 ifvtex legacy package. Use iftex instead.
 (/usr/share/texlive/texmf-dist/tex/generic/iftex/iftex.sty
Package: iftex 2019/11/07 v1.0c TeX engine tests
))
\Gm@cnth=\count179
\Gm@cntv=\count180
\c@Gm@tempcnt=\count181
\Gm@bindingoffset=\dimen136
\Gm@wd@mp=\dimen137
\Gm@odd@mp=\dimen138
\Gm@even@mp=\dimen139
\Gm@layoutwidth=\dimen140
\Gm@layoutheight=\dimen141
\Gm@layouthoffset=\dimen142
\Gm@layoutvoffset=\dimen143
\Gm@dimlist=\toks16
) (/usr/share/texlive/texmf-dist/tex/latex/caption/caption.sty
Package: caption 2020/01/03 v3.4h Customizing captions (AR)
 (/usr/share/texlive/texmf-dist/tex/latex/caption/caption3.sty
Package: caption3 2020/01/03 v1.8h caption3 kernel (AR)
Package caption3 Info: TeX engine: e-TeX on input line 61.
\captionmargin=\dimen144
\captionmargin@=\dimen145
\captionwidth=\dimen146
\caption@tempdima=\dimen147
\caption@indent=\dimen148
\caption@parindent=\dimen149
\caption@hangindent=\dimen150
Package caption Info: Standard document class detected.
)
\c@caption@flags=\count182
\c@continuedfloat=\count183
) (/usr/share/texlive/texmf-dist/tex/latex/caption/subcaption.sty
Package: subcaption 2020/01/22 v1.3d Sub-captions (AR)
\c@subfigure=\count184
\c@subtable=\count185
) (/usr/share/texlive/texmf-dist/tex/latex/hyperref/hyperref.sty
Package: hyperref 2020/01/14 v7.00d Hypertext links for LaTeX
 (/usr/share/texlive/texmf-dist/tex/generic/ltxcmds/ltxcmds.sty
Package: ltxcmds 2019/12/15 v1.24 LaTeX kernel commands for general use (HO)
) (/usr/share/texlive/texmf-dist/tex/latex/pdftexcmds/pdftexcmds.sty
Package: pdftexcmds 2019/11/24 v0.31 Utility functions of pdfTeX for LuaTeX (HO)
 (/usr/share/texlive/texmf-dist/tex/generic/infwarerr/infwarerr.sty
Package: infwarerr 2019/12/03 v1.5 Providing info/warning/error messages (HO)
)
Package pdftexcmds Info: \pdf@primitive is available.
Package pdftexcmds Info: \pdf@ifprimitive is available.
Package pdftexcmds Info: \pdfdraftmode found.
) (/usr/share/texlive/texmf-dist/tex/generic/kvsetkeys/kvsetkeys.sty
Package: kvsetkeys 2019/12/15 v1.18 Key value parser (HO)
) (/usr/share/texlive/texmf-dist/tex/generic/kvdefinekeys/kvdefinekeys.sty
Package: kvdefinekeys 2019-12-19 v1.6 Define keys (HO)
) (/usr/share/texlive/texmf-dist/tex/generic/pdfescape/pdfescape.sty
Package: pdfescape 2019/12/09 v1.15 Implements pdfTeX's escape features (HO)
) (/usr/share/texlive/texmf-dist/tex/latex/hycolor/hycolor.sty
Package: hycolor 2020-01-27 v1.10 Color options for hyperref/bookmark (HO)
) (/usr/share/texlive/texmf-dist/tex/latex/letltxmacro/letltxmacro.sty
Package: letltxmacro 2019/12/03 v1.6 Let assignment for LaTeX macros (HO)
) (/usr/share/texlive/texmf-dist/tex/latex/auxhook/auxhook.sty
Package: auxhook 2019-12-17 v1.6 Hooks for auxiliary files (HO)
) (/usr/share/texlive/texmf-dist/tex/latex/kvoptions/kvoptions.sty
Package: kvoptions 2019/11/29 v3.13 Key value format for package options (HO)
)
\@linkdim=\dimen151
\Hy@linkcounter=\count186
\Hy@pagecounter=\count187
 (/usr/share/texlive/texmf-dist/tex/latex/hyperref/pd1enc.def
File: pd1enc.def 2020/01/14 v7.00d Hyperref: PDFDocEncoding definition (HO)
Now handling font encoding PD1 ...
... no UTF-8 mapping file for font encoding PD1
) (/usr/share/texlive/texmf-dist/tex/generic/intcalc/intcalc.sty
Package: intcalc 2019/12/15 v1.3 Expandable calculations with integers (HO)
) (/usr/share/texlive/texmf-dist/tex/generic/etexcmds/etexcmds.sty
Package: etexcmds 2019/12/15 v1.7 Avoid name clashes with e-TeX commands (HO)
)
\Hy@SavedSpaceFactor=\count188
\pdfmajorversion=\count189
Package hyperref Info: Hyper figures OFF on input line 4547.
Package hyperref Info: Link nesting OFF on input line 4552.
Package hyperref Info: Hyper index ON on input line 4555.
Package hyperref Info: Plain pages OFF on input line 4562.
Package hyperref Info: Backreferencing OFF on input line 4567.
Package hyperref Info: Implicit mode ON; LaTeX internals redefined.
Package hyperref Info: Bookmarks ON on input line 4800.
\c@Hy@tempcnt=\count190
 (/usr/share/texlive/texmf-dist/tex/latex/url/url.sty
\Urlmuskip=\muskip16
Package: url 2013/09/16  ver 3.4  Verb mode for urls, etc.
)
LaTeX Info: Redefining \url on input line 5159.
\XeTeXLinkMargin=\dimen152
 (/usr/share/texlive/texmf-dist/tex/generic/bitset/bitset.sty
Package: bitset 2019/12/09 v1.3 Handle bit-vector datatype (HO)
 (/usr/share/texlive/texmf-dist/tex/generic/bigintcalc/bigintcalc.sty
Package: bigintcalc 2019/12/15 v1.5 Expandable calculations on big integers (HO)
))
\Fld@menulength=\count191
\Field@Width=\dimen153
\Fld@charsize=\dimen154
Package hyperref Info: Hyper figures OFF on input line 6430.
Package hyperref Info: Link nesting OFF on input line 6435.
Package hyperref Info: Hyper index ON on input line 6438.
Package hyperref Info: backreferencing OFF on input line 6445.
Package hyperref Info: Link coloring OFF on input line 6450.
Package hyperref Info: Link coloring with OCG OFF on input line 6455.
Package hyperref Info: PDF/A mode OFF on input line 6460.
LaTeX Info: Redefining \ref on input line 6500.
LaTeX Info: Redefining \pageref on input line 6504.
 (/usr/share/texlive/texmf-dist/tex/generic/atbegshi/atbegshi.sty
Package: atbegshi 2019/12/05 v1.19 At begin shipout hook (HO)
)
\Hy@abspage=\count192
\c@Item=\count193
\c@Hfootnote=\count194
)
Package hyperref Info: Driver (autodetected): hpdftex.
 (/usr/share/texlive/texmf-dist/tex/latex/hyperref/hpdftex.def
File: hpdftex.def 2020/01/14 v7.00d Hyperref driver for pdfTeX
 (/usr/share/texlive/texmf-dist/tex/latex/atveryend/atveryend.sty
Package: atveryend 2019-12-11 v1.11 Hooks at the very end of document (HO)
Package atveryend Info: \enddocument detected (standard20110627).
)
\Fld@listcount=\count195
\c@bookmark@seq@number=\count196
 (/usr/share/texlive/texmf-dist/tex/latex/rerunfilecheck/rerunfilecheck.sty
Package: rerunfilecheck 2019/12/05 v1.9 Rerun checks for auxiliary files (HO)
 (/usr/share/texlive/texmf-dist/tex/generic/uniquecounter/uniquecounter.sty
Package: uniquecounter 2019/12/15 v1.4 Provide unlimited unique counter (HO)
)
Package uniquecounter Info: New unique counter `rerunfilecheck' on input line 286.
)
\Hy@SectionHShift=\skip49
) (/usr/share/texlive/texmf-dist/tex/latex/graphics/color.sty
Package: color 2019/11/23 v1.2a Standard LaTeX Color (DPC)
 (/usr/share/texlive/texmf-dist/tex/latex/graphics-cfg/color.cfg
File: color.cfg 2016/01/02 v1.6 sample color configuration
)
Package color Info: Driver file: pdftex.def on input line 147.
 (/usr/share/texlive/texmf-dist/tex/latex/graphics-def/pdftex.def
File: pdftex.def 2018/01/08 v1.0l Graphics/color driver for pdftex
)) (/usr/share/texlive/texmf-dist/tex/latex/graphics/graphicx.sty
Package: graphicx 2019/11/30 v1.2a Enhanced LaTeX Graphics (DPC,SPQR)
 (/usr/share/texlive/texmf-dist/tex/latex/graphics/graphics.sty
Package: graphics 2019/11/30 v1.4a Standard LaTeX Graphics (DPC,SPQR)
 (/usr/share/texlive/texmf-dist/tex/latex/graphics/trig.sty
Package: trig 2016/01/03 v1.10 sin cos tan (DPC)
) (/usr/share/texlive/texmf-dist/tex/latex/graphics-cfg/graphics.cfg
File: graphics.cfg 2016/06/04 v1.11 sample graphics configuration
)
Package graphics Info: Driver file: pdftex.def on input line 105.
)
\Gin@req@height=\dimen155
\Gin@req@width=\dimen156
) (/usr/share/texlive/texmf-dist/tex/latex/csquotes/csquotes.sty
Package: csquotes 2019-12-06 v5.2j context-sensitive quotations (JAW)
 (/usr/share/texlive/texmf-dist/tex/latex/etoolbox/etoolbox.sty
Package: etoolbox 2019/09/21 v2.5h e-TeX tools for LaTeX (JAW)
\etb@tempcnta=\count197
)
\csq@reset=\count198
\csq@gtype=\count199
\csq@glevel=\count266
\csq@qlevel=\count267
\csq@maxlvl=\count268
\csq@tshold=\count269
\csq@ltx@everypar=\toks17
 (/usr/share/texlive/texmf-dist/tex/latex/csquotes/csquotes.def
File: csquotes.def 2019-12-06 v5.2j csquotes generic definitions (JAW)
)
Package csquotes Info: Trying to load configuration file 'csquotes.cfg'...
Package csquotes Info: ... configuration file loaded successfully.
 (/usr/share/texlive/texmf-dist/tex/latex/csquotes/csquotes.cfg
File: csquotes.cfg 
)) (/usr/share/texlive/texmf-dist/tex/latex/biblatex/biblatex.sty
Package: biblatex 2019/12/01 v3.14 programmable bibliographies (PK/MW)
 (/usr/share/texlive/texmf-dist/tex/latex/logreq/logreq.sty
Package: logreq 2010/08/04 v1.0 xml request logger
\lrq@indent=\count270
 (/usr/share/texlive/texmf-dist/tex/latex/logreq/logreq.def
File: logreq.def 2010/08/04 v1.0 logreq spec v1.0
)) (/usr/share/texlive/texmf-dist/tex/latex/base/ifthen.sty
Package: ifthen 2014/09/29 v1.1c Standard LaTeX ifthen package (DPC)
)
\c@tabx@nest=\count271
\c@listtotal=\count272
\c@listcount=\count273
\c@liststart=\count274
\c@liststop=\count275
\c@citecount=\count276
\c@citetotal=\count277
\c@multicitecount=\count278
\c@multicitetotal=\count279
\c@instcount=\count280
\c@maxnames=\count281
\c@minnames=\count282
\c@maxitems=\count283
\c@minitems=\count284
\c@citecounter=\count285
\c@maxcitecounter=\count286
\c@savedcitecounter=\count287
\c@uniquelist=\count288
\c@uniquename=\count289
\c@refsection=\count290
\c@refsegment=\count291
\c@maxextratitle=\count292
\c@maxextratitleyear=\count293
\c@maxextraname=\count294
\c@maxextradate=\count295
\c@maxextraalpha=\count296
\c@abbrvpenalty=\count297
\c@highnamepenalty=\count298
\c@lownamepenalty=\count299
\c@maxparens=\count300
\c@parenlevel=\count301
\blx@tempcnta=\count302
\blx@tempcntb=\count303
\blx@tempcntc=\count304
\blx@maxsection=\count305
\blx@maxsegment@0=\count306
\blx@notetype=\count307
\blx@parenlevel@text=\count308
\blx@parenlevel@foot=\count309
\blx@sectionciteorder@0=\count310
\blx@entrysetcounter=\count311
\labelnumberwidth=\skip50
\labelalphawidth=\skip51
\biblabelsep=\skip52
\bibitemsep=\skip53
\bibnamesep=\skip54
\bibinitsep=\skip55
\bibparsep=\skip56
\bibhang=\skip57
\blx@bcfin=\read3
\blx@bcfout=\write3
\blx@langwohyphens=\language85
\c@mincomprange=\count312
\c@maxcomprange=\count313
\c@mincompwidth=\count314
Package biblatex Info: Trying to load biblatex default data model...
Package biblatex Info: ... file 'blx-dm.def' found.
 (/usr/share/texlive/texmf-dist/tex/latex/biblatex/blx-dm.def
File: blx-dm.def 2019/12/01 v3.14 biblatex localization (PK/MW)
)
Package biblatex Info: Trying to load biblatex style data model...
Package biblatex Info: ... file 'nature.dbx' not found.
Package biblatex Info: Trying to load biblatex custom data model...
Package biblatex Info: ... file 'biblatex-dm.cfg' not found.
\c@afterword=\count315
\c@savedafterword=\count316
\c@annotator=\count317
\c@savedannotator=\count318
\c@author=\count319
\c@savedauthor=\count320
\c@bookauthor=\count321
\c@savedbookauthor=\count322
\c@commentator=\count323
\c@savedcommentator=\count324
\c@editor=\count325
\c@savededitor=\count326
\c@editora=\count327
\c@savededitora=\count328
\c@editorb=\count329
\c@savededitorb=\count330
\c@editorc=\count331
\c@savededitorc=\count332
\c@foreword=\count333
\c@savedforeword=\count334
\c@holder=\count335
\c@savedholder=\count336
\c@introduction=\count337
\c@savedintroduction=\count338
\c@namea=\count339
\c@savednamea=\count340
\c@nameb=\count341
\c@savednameb=\count342
\c@namec=\count343
\c@savednamec=\count344
\c@translator=\count345
\c@savedtranslator=\count346
\c@shortauthor=\count347
\c@savedshortauthor=\count348
\c@shorteditor=\count349
\c@savedshorteditor=\count350
\c@labelname=\count351
\c@savedlabelname=\count352
\c@institution=\count353
\c@savedinstitution=\count354
\c@lista=\count355
\c@savedlista=\count356
\c@listb=\count357
\c@savedlistb=\count358
\c@listc=\count359
\c@savedlistc=\count360
\c@listd=\count361
\c@savedlistd=\count362
\c@liste=\count363
\c@savedliste=\count364
\c@listf=\count365
\c@savedlistf=\count366
\c@location=\count367
\c@savedlocation=\count368
\c@organization=\count369
\c@savedorganization=\count370
\c@origlocation=\count371
\c@savedoriglocation=\count372
\c@origpublisher=\count373
\c@savedorigpublisher=\count374
\c@publisher=\count375
\c@savedpublisher=\count376
\c@language=\count377
\c@savedlanguage=\count378
\c@origlanguage=\count379
\c@savedoriglanguage=\count380
\c@pageref=\count381
\c@savedpageref=\count382
\shorthandwidth=\skip58
\shortjournalwidth=\skip59
\shortserieswidth=\skip60
\shorttitlewidth=\skip61
\shortauthorwidth=\skip62
\shorteditorwidth=\skip63
\locallabelnumberwidth=\skip64
\locallabelalphawidth=\skip65
\localshorthandwidth=\skip66
\localshortjournalwidth=\skip67
\localshortserieswidth=\skip68
\localshorttitlewidth=\skip69
\localshortauthorwidth=\skip70
\localshorteditorwidth=\skip71
Package biblatex Info: Trying to load compatibility code...
Package biblatex Info: ... file 'blx-compat.def' found.
 (/usr/share/texlive/texmf-dist/tex/latex/biblatex/blx-compat.def
File: blx-compat.def 2019/12/01 v3.14 biblatex compatibility (PK/MW)
)
Package biblatex Info: Trying to load generic definitions...
Package biblatex Info: ... file 'biblatex.def' found.
 (/usr/share/texlive/texmf-dist/tex/latex/biblatex/biblatex.def
File: biblatex.def 2019/12/01 v3.14 biblatex compatibility (PK/MW)
\c@textcitecount=\count383
\c@textcitetotal=\count384
\c@textcitemaxnames=\count385
\c@biburlbigbreakpenalty=\count386
\c@biburlbreakpenalty=\count387
\c@biburlnumpenalty=\count388
\c@biburlucpenalty=\count389
\c@biburllcpenalty=\count390
\biburlbigskip=\muskip17
\biburlnumskip=\muskip18
\biburlucskip=\muskip19
\biburllcskip=\muskip20
\c@smartand=\count391
)
Package biblatex Info: Trying to load bibliography style 'nature'...
Package biblatex Info: ... file 'nature.bbx' found.
 (/usr/share/texlive/texmf-dist/tex/latex/biblatex-nature/nature.bbx
File: nature.bbx 2018/10/18 v1.3c biblatex bibliography style
Package biblatex Info: Trying to load bibliography style 'numeric-comp'...
Package biblatex Info: ... file 'numeric-comp.bbx' found.
 (/usr/share/texlive/texmf-dist/tex/latex/biblatex/bbx/numeric-comp.bbx
File: numeric-comp.bbx 2019/12/01 v3.14 biblatex bibliography style (PK/MW)
Package biblatex Info: Trying to load bibliography style 'numeric'...
Package biblatex Info: ... file 'numeric.bbx' found.
 (/usr/share/texlive/texmf-dist/tex/latex/biblatex/bbx/numeric.bbx
File: numeric.bbx 2019/12/01 v3.14 biblatex bibliography style (PK/MW)
Package biblatex Info: Trying to load bibliography style 'standard'...
Package biblatex Info: ... file 'standard.bbx' found.
 (/usr/share/texlive/texmf-dist/tex/latex/biblatex/bbx/standard.bbx
File: standard.bbx 2019/12/01 v3.14 biblatex bibliography style (PK/MW)
\c@bbx:relatedcount=\count392
\c@bbx:relatedtotal=\count393
))))
Package biblatex Info: Trying to load citation style 'nature'...
Package biblatex Info: ... file 'nature.cbx' found.
 (/usr/share/texlive/texmf-dist/tex/latex/biblatex-nature/nature.cbx
File: nature.cbx 2018/10/18 v1.3c biblatex citation style
Package biblatex Info: Trying to load citation style 'numeric-comp'...
Package biblatex Info: ... file 'numeric-comp.cbx' found.
 (/usr/share/texlive/texmf-dist/tex/latex/biblatex/cbx/numeric-comp.cbx
File: numeric-comp.cbx 2019/12/01 v3.14 biblatex citation style (PK/MW)
\c@cbx@tempcnta=\count394
\c@cbx@tempcntb=\count395
Package biblatex Info: Redefining '\cite'.
Package biblatex Info: Redefining '\parencite'.
Package biblatex Info: Redefining '\footcite'.
Package biblatex Info: Redefining '\footcitetext'.
Package biblatex Info: Redefining '\smartcite'.
Package biblatex Info: Redefining '\supercite'.
Package biblatex Info: Redefining '\textcite'.
Package biblatex Info: Redefining '\textcites'.
Package biblatex Info: Redefining '\cites'.
Package biblatex Info: Redefining '\parencites'.
Package biblatex Info: Redefining '\smartcites'.
))
Package biblatex Info: Trying to load configuration file...
Package biblatex Info: ... file 'biblatex.cfg' found.
 (/usr/share/texlive/texmf-dist/tex/latex/biblatex/biblatex.cfg
File: biblatex.cfg 
)) (/usr/share/texlive/texmf-dist/tex/latex/siunitx/siunitx.sty (/usr/share/texlive/texmf-dist/tex/latex/l3kernel/expl3.sty
Package: expl3 2020-02-14 L3 programming layer (loader) 
 (/usr/share/texlive/texmf-dist/tex/latex/l3backend/l3backend-pdfmode.def
File: l3backend-pdfmode.def 2020-02-03 L3 backend support: PDF mode
\l__kernel_color_stack_int=\count396
\l__pdf_internal_box=\box45
)) (/usr/share/texlive/texmf-dist/tex/latex/l3packages/xparse/xparse.sty
Package: xparse 2020-02-14 L3 Experimental document command parser
\l__xparse_current_arg_int=\count397
\g__xparse_grabber_int=\count398
\l__xparse_m_args_int=\count399
\l__xparse_v_nesting_int=\count400
)
Package: siunitx 2020/01/15 v2.7u A comprehensive (SI) units package
 (/usr/share/texlive/texmf-dist/tex/latex/amsmath/amstext.sty
Package: amstext 2000/06/29 v2.01 AMS text
 (/usr/share/texlive/texmf-dist/tex/latex/amsmath/amsgen.sty
File: amsgen.sty 1999/11/30 v2.0 generic functions
\@emptytoks=\toks18
\ex@=\dimen157
)) (/usr/share/texlive/texmf-dist/tex/latex/tools/array.sty
Package: array 2019/08/31 v2.4l Tabular extension package (FMi)
\col@sep=\dimen158
\ar@mcellbox=\box46
\extrarowheight=\dimen159
\NC@list=\toks19
\extratabsurround=\skip72
\backup@length=\skip73
\ar@cellbox=\box47
) (/usr/share/texlive/texmf-dist/tex/latex/l3packages/l3keys2e/l3keys2e.sty
Package: l3keys2e 2020-02-14 LaTeX2e option processing using LaTeX3 keys
)
\l__siunitx_tmp_box=\box48
\l__siunitx_tmp_dim=\dimen160
\l__siunitx_tmp_int=\count401
\l__siunitx_number_mantissa_length_int=\count402
\l__siunitx_number_uncert_length_int=\count403
\l__siunitx_round_int=\count404
\l__siunitx_process_decimal_int=\count405
\l__siunitx_process_uncertainty_int=\count406
\l__siunitx_process_fixed_int=\count407
\l__siunitx_process_integer_min_int=\count408
\l__siunitx_process_precision_int=\count409
\l__siunitx_group_min_int=\count410
\l__siunitx_angle_marker_box=\box49
\l__siunitx_angle_unit_box=\box50
\l__siunitx_angle_marker_dim=\dimen161
\l__siunitx_angle_unit_dim=\dimen162
\l__siunitx_unit_int=\count411
\l__siunitx_unit_denominator_int=\count412
\l__siunitx_unit_numerator_int=\count413
\l__siunitx_unit_prefix_int=\count414
\l__siunitx_unit_prefix_base_int=\count415
\l__siunitx_unit_prefix_gram_int=\count416
\l__siunitx_number_product_int=\count417
\c__siunitx_one_fill_skip=\skip74
\l__siunitx_table_unit_align_skip=\skip75
\l__siunitx_table_exponent_dim=\dimen163
\l__siunitx_table_integer_dim=\dimen164
\l__siunitx_table_mantissa_dim=\dimen165
\l__siunitx_table_marker_dim=\dimen166
\l__siunitx_table_result_dim=\dimen167
\l__siunitx_table_uncert_dim=\dimen168
\l__siunitx_table_fill_pre_dim=\dimen169
\l__siunitx_table_fill_post_dim=\dimen170
\l__siunitx_table_fill_mid_dim=\dimen171
\l__siunitx_table_pre_box=\box51
\l__siunitx_table_post_box=\box52
\l__siunitx_table_mantissa_box=\box53
\l__siunitx_table_result_box=\box54
\l__siunitx_table_number_align_skip=\skip76
\l__siunitx_table_text_align_skip=\skip77
 (/usr/share/texlive/texmf-dist/tex/latex/translator/translator.sty
Package: translator 2019-05-31 v1.12a Easy translation of strings in LaTeX
)) (/usr/share/texlive/texmf-dist/tex/latex/physics/physics.sty
Package: physics 
 (/usr/share/texlive/texmf-dist/tex/latex/amsmath/amsmath.sty
Package: amsmath 2020/01/20 v2.17e AMS math features
\@mathmargin=\skip78

For additional information on amsmath, use the `?' option.
(/usr/share/texlive/texmf-dist/tex/latex/amsmath/amsbsy.sty
Package: amsbsy 1999/11/29 v1.2d Bold Symbols
\pmbraise@=\dimen172
) (/usr/share/texlive/texmf-dist/tex/latex/amsmath/amsopn.sty
Package: amsopn 2016/03/08 v2.02 operator names
)
\inf@bad=\count418
LaTeX Info: Redefining \frac on input line 227.
\uproot@=\count419
\leftroot@=\count420
LaTeX Info: Redefining \overline on input line 389.
\classnum@=\count421
\DOTSCASE@=\count422
LaTeX Info: Redefining \ldots on input line 486.
LaTeX Info: Redefining \dots on input line 489.
LaTeX Info: Redefining \cdots on input line 610.
\Mathstrutbox@=\box55
\strutbox@=\box56
\big@size=\dimen173
LaTeX Font Info:    Redeclaring font encoding OML on input line 733.
LaTeX Font Info:    Redeclaring font encoding OMS on input line 734.
\macc@depth=\count423
\c@MaxMatrixCols=\count424
\dotsspace@=\muskip21
\c@parentequation=\count425
\dspbrk@lvl=\count426
\tag@help=\toks20
\row@=\count427
\column@=\count428
\maxfields@=\count429
\andhelp@=\toks21
\eqnshift@=\dimen174
\alignsep@=\dimen175
\tagshift@=\dimen176
\tagwidth@=\dimen177
\totwidth@=\dimen178
\lineht@=\dimen179
\@envbody=\toks22
\multlinegap=\skip79
\multlinetaggap=\skip80
\mathdisplay@stack=\toks23
LaTeX Info: Redefining \[ on input line 2859.
LaTeX Info: Redefining \] on input line 2860.
)) (/usr/share/texlive/texmf-dist/tex/latex/mathtools/mathtools.sty
Package: mathtools 2020/01/17 v1.23 mathematical typesetting tools
 (/usr/share/texlive/texmf-dist/tex/latex/tools/calc.sty
Package: calc 2017/05/25 v4.3 Infix arithmetic (KKT,FJ)
\calc@Acount=\count430
\calc@Bcount=\count431
\calc@Adimen=\dimen180
\calc@Bdimen=\dimen181
\calc@Askip=\skip81
\calc@Bskip=\skip82
LaTeX Info: Redefining \setlength on input line 80.
LaTeX Info: Redefining \addtolength on input line 81.
\calc@Ccount=\count432
\calc@Cskip=\skip83
) (/usr/share/texlive/texmf-dist/tex/latex/mathtools/mhsetup.sty
Package: mhsetup 2017/03/31 v1.3 programming setup (MH)
)
LaTeX Info: Thecontrolsequence`\('isalreadyrobust on input line 129.
LaTeX Info: Thecontrolsequence`\)'isalreadyrobust on input line 129.
LaTeX Info: Thecontrolsequence`\['isalreadyrobust on input line 129.
LaTeX Info: Thecontrolsequence`\]'isalreadyrobust on input line 129.
\g_MT_multlinerow_int=\count433
\l_MT_multwidth_dim=\dimen182
\origjot=\skip84
\l_MT_shortvdotswithinadjustabove_dim=\dimen183
\l_MT_shortvdotswithinadjustbelow_dim=\dimen184
\l_MT_above_intertext_sep=\dimen185
\l_MT_below_intertext_sep=\dimen186
\l_MT_above_shortintertext_sep=\dimen187
\l_MT_below_shortintertext_sep=\dimen188
) (/usr/share/texlive/texmf-dist/tex/latex/amsfonts/amssymb.sty
Package: amssymb 2013/01/14 v3.01 AMS font symbols
 (/usr/share/texlive/texmf-dist/tex/latex/amsfonts/amsfonts.sty
Package: amsfonts 2013/01/14 v3.01 Basic AMSFonts support
\symAMSa=\mathgroup4
\symAMSb=\mathgroup5
LaTeX Font Info:    Redeclaring math symbol \hbar on input line 98.
LaTeX Font Info:    Overwriting math alphabet `\mathfrak' in version `bold'
(Font)                  U/euf/m/n --> U/euf/b/n on input line 106.
)) (/usr/share/texlive/texmf-dist/tex/latex/multirow/multirow.sty
Package: multirow 2019/05/31 v2.5 Span multiple rows of a table
\multirow@colwidth=\skip85
\multirow@cntb=\count434
\multirow@dima=\skip86
\bigstrutjot=\dimen189
) (/usr/share/texlive/texmf-dist/tex/latex/pgf/utilities/pgffor.sty (/usr/share/texlive/texmf-dist/tex/latex/pgf/utilities/pgfrcs.sty (/usr/share/texlive/texmf-dist/tex/generic/pgf/utilities/pgfutil-common.tex
\pgfutil@everybye=\toks24
\pgfutil@tempdima=\dimen190
\pgfutil@tempdimb=\dimen191
 (/usr/share/texlive/texmf-dist/tex/generic/pgf/utilities/pgfutil-common-lists.tex)) (/usr/share/texlive/texmf-dist/tex/generic/pgf/utilities/pgfutil-latex.def
\pgfutil@abb=\box57
 (/usr/share/texlive/texmf-dist/tex/latex/ms/everyshi.sty
Package: everyshi 2001/05/15 v3.00 EveryShipout Package (MS)
)) (/usr/share/texlive/texmf-dist/tex/generic/pgf/utilities/pgfrcs.code.tex (/usr/share/texlive/texmf-dist/tex/generic/pgf/pgf.revision.tex)
Package: pgfrcs 2020/01/08 v3.1.5b (3.1.5b)
)) (/usr/share/texlive/texmf-dist/tex/latex/pgf/utilities/pgfkeys.sty (/usr/share/texlive/texmf-dist/tex/generic/pgf/utilities/pgfkeys.code.tex
\pgfkeys@pathtoks=\toks25
\pgfkeys@temptoks=\toks26
 (/usr/share/texlive/texmf-dist/tex/generic/pgf/utilities/pgfkeysfiltered.code.tex
\pgfkeys@tmptoks=\toks27
))) (/usr/share/texlive/texmf-dist/tex/latex/pgf/math/pgfmath.sty (/usr/share/texlive/texmf-dist/tex/generic/pgf/math/pgfmath.code.tex (/usr/share/texlive/texmf-dist/tex/generic/pgf/math/pgfmathcalc.code.tex (/usr/share/texlive/texmf-dist/tex/generic/pgf/math/pgfmathutil.code.tex
\pgf@x=\dimen192
\pgf@xa=\dimen193
\pgf@xb=\dimen194
\pgf@xc=\dimen195
\pgf@y=\dimen196
\pgf@ya=\dimen197
\pgf@yb=\dimen198
\pgf@yc=\dimen199
\c@pgf@counta=\count435
\c@pgf@countb=\count436
\c@pgf@countc=\count437
\c@pgf@countd=\count438
) (/usr/share/texlive/texmf-dist/tex/generic/pgf/math/pgfmathparser.code.tex
\pgfmath@dimen=\dimen256
\pgfmath@count=\count439
\pgfmath@box=\box58
\pgfmath@toks=\toks28
\pgfmath@stack@operand=\toks29
\pgfmath@stack@operation=\toks30
) (/usr/share/texlive/texmf-dist/tex/generic/pgf/math/pgfmathfunctions.code.tex (/usr/share/texlive/texmf-dist/tex/generic/pgf/math/pgfmathfunctions.basic.code.tex) (/usr/share/texlive/texmf-dist/tex/generic/pgf/math/pgfmathfunctions.trigonometric.code.tex) (/usr/share/texlive/texmf-dist/tex/generic/pgf/math/pgfmathfunctions.random.code.tex) (/usr/share/texlive/texmf-dist/tex/generic/pgf/math/pgfmathfunctions.comparison.code.tex) (/usr/share/texlive/texmf-dist/tex/generic/pgf/math/pgfmathfunctions.base.code.tex) (/usr/share/texlive/texmf-dist/tex/generic/pgf/math/pgfmathfunctions.round.code.tex) (/usr/share/texlive/texmf-dist/tex/generic/pgf/math/pgfmathfunctions.misc.code.tex) (/usr/share/texlive/texmf-dist/tex/generic/pgf/math/pgfmathfunctions.integerarithmetics.code.tex))) (/usr/share/texlive/texmf-dist/tex/generic/pgf/math/pgfmathfloat.code.tex
\c@pgfmathroundto@lastzeros=\count440
))) (/usr/share/texlive/texmf-dist/tex/generic/pgf/utilities/pgffor.code.tex
Package: pgffor 2020/01/08 v3.1.5b (3.1.5b)
 (/usr/share/texlive/texmf-dist/tex/generic/pgf/math/pgfmath.code.tex)
\pgffor@iter=\dimen257
\pgffor@skip=\dimen258
\pgffor@stack=\toks31
\pgffor@toks=\toks32
)) (/usr/share/texlive/texmf-dist/tex/latex/pdflscape/pdflscape.sty
Package: pdflscape 2019/12/05 v0.12 Display of landscape pages in PDF (HO)
 (/usr/share/texlive/texmf-dist/tex/latex/graphics/lscape.sty
Package: lscape 2000/10/22 v3.01 Landscape Pages (DPC)
)
Package pdflscape Info: Auto-detected driver: pdftex on input line 81.
) (/usr/share/texlive/texmf-dist/tex/latex/graphics/rotating.sty
Package: rotating 2016/08/11 v2.16d rotated objects in LaTeX
\c@r@tfl@t=\count441
\rotFPtop=\skip87
\rotFPbot=\skip88
\rot@float@box=\box59
\rot@mess@toks=\toks33
) (/usr/share/texlive/texmf-dist/tex/latex/epigraph/epigraph.sty
Package: epigraph 2020/01/02 v1.5e typesetting epigraphs
 (/usr/share/texlive/texmf-dist/tex/latex/nextpage/nextpage.sty
Package: nextpage 2009/09/03 v1.1a additional page commands
)
\beforeepigraphskip=\skip89
\afterepigraphskip=\skip90
\epigraphwidth=\skip91
\epigraphrule=\skip92
) (/usr/share/texlive/texmf-dist/tex/latex/contour/contour.sty
Package: contour 2004/11/18 v2.14 Print contoured text (HH, MH)
\con@length=\skip93

Loading configuration file `contour.cfg'.
(/usr/share/texlive/texmf-dist/tex/latex/contour/contour.cfg
File: contour.cfg 2004/11/18 v2.14 Print contoured text (HH, MH)
)
contour: Using driver file `pdftex.cnt'.
(/usr/share/texlive/texmf-dist/tex/latex/contour/pdftex.cnt
File: pdftex.cnt 2004/11/18 v2.14 Print contoured text (HH, MH)
)) (/usr/share/texlive/texmf-dist/tex/latex/eso-pic/eso-pic.sty
Package: eso-pic 2018/04/12 v2.0h eso-pic (RN)
) (/usr/share/texlive/texmf-dist/tex/latex/pgf/frontendlayer/tikz.sty (/usr/share/texlive/texmf-dist/tex/latex/pgf/basiclayer/pgf.sty
Package: pgf 2020/01/08 v3.1.5b (3.1.5b)
 (/usr/share/texlive/texmf-dist/tex/latex/pgf/basiclayer/pgfcore.sty (/usr/share/texlive/texmf-dist/tex/latex/pgf/systemlayer/pgfsys.sty (/usr/share/texlive/texmf-dist/tex/generic/pgf/systemlayer/pgfsys.code.tex
Package: pgfsys 2020/01/08 v3.1.5b (3.1.5b)
 (/usr/share/texlive/texmf-dist/tex/generic/pgf/utilities/pgfkeys.code.tex)
\pgf@x=\dimen259
\pgf@y=\dimen260
\pgf@xa=\dimen261
\pgf@ya=\dimen262
\pgf@xb=\dimen263
\pgf@yb=\dimen264
\pgf@xc=\dimen265
\pgf@yc=\dimen266
\pgf@xd=\dimen267
\pgf@yd=\dimen268
\w@pgf@writea=\write4
\r@pgf@reada=\read4
\c@pgf@counta=\count442
\c@pgf@countb=\count443
\c@pgf@countc=\count444
\c@pgf@countd=\count445
\t@pgf@toka=\toks34
\t@pgf@tokb=\toks35
\t@pgf@tokc=\toks36
\pgf@sys@id@count=\count446
 (/usr/share/texlive/texmf-dist/tex/generic/pgf/systemlayer/pgf.cfg
File: pgf.cfg 2020/01/08 v3.1.5b (3.1.5b)
)
Driver file for pgf: pgfsys-pdftex.def
 (/usr/share/texlive/texmf-dist/tex/generic/pgf/systemlayer/pgfsys-pdftex.def
File: pgfsys-pdftex.def 2020/01/08 v3.1.5b (3.1.5b)
 (/usr/share/texlive/texmf-dist/tex/generic/pgf/systemlayer/pgfsys-common-pdf.def
File: pgfsys-common-pdf.def 2020/01/08 v3.1.5b (3.1.5b)
))) (/usr/share/texlive/texmf-dist/tex/generic/pgf/systemlayer/pgfsyssoftpath.code.tex
File: pgfsyssoftpath.code.tex 2020/01/08 v3.1.5b (3.1.5b)
\pgfsyssoftpath@smallbuffer@items=\count447
\pgfsyssoftpath@bigbuffer@items=\count448
) (/usr/share/texlive/texmf-dist/tex/generic/pgf/systemlayer/pgfsysprotocol.code.tex
File: pgfsysprotocol.code.tex 2020/01/08 v3.1.5b (3.1.5b)
)) (/usr/share/texlive/texmf-dist/tex/latex/xcolor/xcolor.sty
Package: xcolor 2016/05/11 v2.12 LaTeX color extensions (UK)
 (/usr/share/texlive/texmf-dist/tex/latex/graphics-cfg/color.cfg
File: color.cfg 2016/01/02 v1.6 sample color configuration
)
Package xcolor Info: Driver file: pdftex.def on input line 225.
LaTeX Info: Redefining \color on input line 709.
Package xcolor Info: Model `cmy' substituted by `cmy0' on input line 1348.
Package xcolor Info: Model `hsb' substituted by `rgb' on input line 1352.
Package xcolor Info: Model `RGB' extended on input line 1364.
Package xcolor Info: Model `HTML' substituted by `rgb' on input line 1366.
Package xcolor Info: Model `Hsb' substituted by `hsb' on input line 1367.
Package xcolor Info: Model `tHsb' substituted by `hsb' on input line 1368.
Package xcolor Info: Model `HSB' substituted by `hsb' on input line 1369.
Package xcolor Info: Model `Gray' substituted by `gray' on input line 1370.
Package xcolor Info: Model `wave' substituted by `hsb' on input line 1371.
) (/usr/share/texlive/texmf-dist/tex/generic/pgf/basiclayer/pgfcore.code.tex
Package: pgfcore 2020/01/08 v3.1.5b (3.1.5b)
 (/usr/share/texlive/texmf-dist/tex/generic/pgf/math/pgfmath.code.tex) (/usr/share/texlive/texmf-dist/tex/generic/pgf/math/pgfint.code.tex) (/usr/share/texlive/texmf-dist/tex/generic/pgf/basiclayer/pgfcorepoints.code.tex
File: pgfcorepoints.code.tex 2020/01/08 v3.1.5b (3.1.5b)
\pgf@picminx=\dimen269
\pgf@picmaxx=\dimen270
\pgf@picminy=\dimen271
\pgf@picmaxy=\dimen272
\pgf@pathminx=\dimen273
\pgf@pathmaxx=\dimen274
\pgf@pathminy=\dimen275
\pgf@pathmaxy=\dimen276
\pgf@xx=\dimen277
\pgf@xy=\dimen278
\pgf@yx=\dimen279
\pgf@yy=\dimen280
\pgf@zx=\dimen281
\pgf@zy=\dimen282
) (/usr/share/texlive/texmf-dist/tex/generic/pgf/basiclayer/pgfcorepathconstruct.code.tex
File: pgfcorepathconstruct.code.tex 2020/01/08 v3.1.5b (3.1.5b)
\pgf@path@lastx=\dimen283
\pgf@path@lasty=\dimen284
) (/usr/share/texlive/texmf-dist/tex/generic/pgf/basiclayer/pgfcorepathusage.code.tex
File: pgfcorepathusage.code.tex 2020/01/08 v3.1.5b (3.1.5b)
\pgf@shorten@end@additional=\dimen285
\pgf@shorten@start@additional=\dimen286
) (/usr/share/texlive/texmf-dist/tex/generic/pgf/basiclayer/pgfcorescopes.code.tex
File: pgfcorescopes.code.tex 2020/01/08 v3.1.5b (3.1.5b)
\pgfpic=\box60
\pgf@hbox=\box61
\pgf@layerbox@main=\box62
\pgf@picture@serial@count=\count449
) (/usr/share/texlive/texmf-dist/tex/generic/pgf/basiclayer/pgfcoregraphicstate.code.tex
File: pgfcoregraphicstate.code.tex 2020/01/08 v3.1.5b (3.1.5b)
\pgflinewidth=\dimen287
) (/usr/share/texlive/texmf-dist/tex/generic/pgf/basiclayer/pgfcoretransformations.code.tex
File: pgfcoretransformations.code.tex 2020/01/08 v3.1.5b (3.1.5b)
\pgf@pt@x=\dimen288
\pgf@pt@y=\dimen289
\pgf@pt@temp=\dimen290
) (/usr/share/texlive/texmf-dist/tex/generic/pgf/basiclayer/pgfcorequick.code.tex
File: pgfcorequick.code.tex 2020/01/08 v3.1.5b (3.1.5b)
) (/usr/share/texlive/texmf-dist/tex/generic/pgf/basiclayer/pgfcoreobjects.code.tex
File: pgfcoreobjects.code.tex 2020/01/08 v3.1.5b (3.1.5b)
) (/usr/share/texlive/texmf-dist/tex/generic/pgf/basiclayer/pgfcorepathprocessing.code.tex
File: pgfcorepathprocessing.code.tex 2020/01/08 v3.1.5b (3.1.5b)
) (/usr/share/texlive/texmf-dist/tex/generic/pgf/basiclayer/pgfcorearrows.code.tex
File: pgfcorearrows.code.tex 2020/01/08 v3.1.5b (3.1.5b)
\pgfarrowsep=\dimen291
) (/usr/share/texlive/texmf-dist/tex/generic/pgf/basiclayer/pgfcoreshade.code.tex
File: pgfcoreshade.code.tex 2020/01/08 v3.1.5b (3.1.5b)
\pgf@max=\dimen292
\pgf@sys@shading@range@num=\count450
\pgf@shadingcount=\count451
) (/usr/share/texlive/texmf-dist/tex/generic/pgf/basiclayer/pgfcoreimage.code.tex
File: pgfcoreimage.code.tex 2020/01/08 v3.1.5b (3.1.5b)
 (/usr/share/texlive/texmf-dist/tex/generic/pgf/basiclayer/pgfcoreexternal.code.tex
File: pgfcoreexternal.code.tex 2020/01/08 v3.1.5b (3.1.5b)
\pgfexternal@startupbox=\box63
)) (/usr/share/texlive/texmf-dist/tex/generic/pgf/basiclayer/pgfcorelayers.code.tex
File: pgfcorelayers.code.tex 2020/01/08 v3.1.5b (3.1.5b)
) (/usr/share/texlive/texmf-dist/tex/generic/pgf/basiclayer/pgfcoretransparency.code.tex
File: pgfcoretransparency.code.tex 2020/01/08 v3.1.5b (3.1.5b)
) (/usr/share/texlive/texmf-dist/tex/generic/pgf/basiclayer/pgfcorepatterns.code.tex
File: pgfcorepatterns.code.tex 2020/01/08 v3.1.5b (3.1.5b)
) (/usr/share/texlive/texmf-dist/tex/generic/pgf/basiclayer/pgfcorerdf.code.tex
File: pgfcorerdf.code.tex 2020/01/08 v3.1.5b (3.1.5b)
))) (/usr/share/texlive/texmf-dist/tex/generic/pgf/modules/pgfmoduleshapes.code.tex
File: pgfmoduleshapes.code.tex 2020/01/08 v3.1.5b (3.1.5b)
\pgfnodeparttextbox=\box64
) (/usr/share/texlive/texmf-dist/tex/generic/pgf/modules/pgfmoduleplot.code.tex
File: pgfmoduleplot.code.tex 2020/01/08 v3.1.5b (3.1.5b)
) (/usr/share/texlive/texmf-dist/tex/latex/pgf/compatibility/pgfcomp-version-0-65.sty
Package: pgfcomp-version-0-65 2020/01/08 v3.1.5b (3.1.5b)
\pgf@nodesepstart=\dimen293
\pgf@nodesepend=\dimen294
) (/usr/share/texlive/texmf-dist/tex/latex/pgf/compatibility/pgfcomp-version-1-18.sty
Package: pgfcomp-version-1-18 2020/01/08 v3.1.5b (3.1.5b)
)) (/usr/share/texlive/texmf-dist/tex/generic/pgf/frontendlayer/tikz/tikz.code.tex
Package: tikz 2020/01/08 v3.1.5b (3.1.5b)
 (/usr/share/texlive/texmf-dist/tex/generic/pgf/libraries/pgflibraryplothandlers.code.tex
File: pgflibraryplothandlers.code.tex 2020/01/08 v3.1.5b (3.1.5b)
\pgf@plot@mark@count=\count452
\pgfplotmarksize=\dimen295
)
\tikz@lastx=\dimen296
\tikz@lasty=\dimen297
\tikz@lastxsaved=\dimen298
\tikz@lastysaved=\dimen299
\tikz@lastmovetox=\dimen300
\tikz@lastmovetoy=\dimen301
\tikzleveldistance=\dimen302
\tikzsiblingdistance=\dimen303
\tikz@figbox=\box65
\tikz@figbox@bg=\box66
\tikz@tempbox=\box67
\tikz@tempbox@bg=\box68
\tikztreelevel=\count453
\tikznumberofchildren=\count454
\tikznumberofcurrentchild=\count455
\tikz@fig@count=\count456
 (/usr/share/texlive/texmf-dist/tex/generic/pgf/modules/pgfmodulematrix.code.tex
File: pgfmodulematrix.code.tex 2020/01/08 v3.1.5b (3.1.5b)
\pgfmatrixcurrentrow=\count457
\pgfmatrixcurrentcolumn=\count458
\pgf@matrix@numberofcolumns=\count459
)
\tikz@expandcount=\count460
 (/usr/share/texlive/texmf-dist/tex/generic/pgf/frontendlayer/tikz/libraries/tikzlibrarytopaths.code.tex
File: tikzlibrarytopaths.code.tex 2020/01/08 v3.1.5b (3.1.5b)
)))
LaTeX Info: Redefining \es@scroman on input line 38.
) (/home/alvaro/Documents/IB/Semestre 7/TM/GitHub/masters-thesis-latex/preambulo/portada.tex) (/home/alvaro/Documents/IB/Semestre 7/TM/GitHub/masters-thesis-latex/preambulo/paquetes.tex (/usr/share/texlive/texmf-dist/tex/latex/fancyhdr/fancyhdr.sty
Package: fancyhdr 2019/01/31 v3.10 Extensive control of page headers and footers
\f@nch@headwidth=\skip94
\f@nch@O@elh=\skip95
\f@nch@O@erh=\skip96
\f@nch@O@olh=\skip97
\f@nch@O@orh=\skip98
\f@nch@O@elf=\skip99
\f@nch@O@erf=\skip100
\f@nch@O@olf=\skip101
\f@nch@O@orf=\skip102
)) (/usr/share/texlive/texmf-dist/tex/latex/titlesec/titlesec.sty
Package: titlesec 2019/10/16 v2.13 Sectioning titles
\ttl@box=\box69
\beforetitleunit=\skip103
\aftertitleunit=\skip104
\ttl@plus=\dimen304
\ttl@minus=\dimen305
\ttl@toksa=\toks37
\titlewidth=\dimen306
\titlewidthlast=\dimen307
\titlewidthfirst=\dimen308
)
Package csquotes Info: Checking for multilingual support...
Package csquotes Info: ... found 'babel' package.
Package csquotes Info: Adjusting default style.
Package csquotes Info: Redefining alias 'default' -> 'spanish'.


LaTeX Warning: Unused global option(s):
    [openany].

(/home/alvaro/Documents/IB/Semestre 7/TM/GitHub/masters-thesis-latex/z-main.aux
LaTeX Info: Redefining \. on input line 28.
LaTeX Info: Redefining \% on input line 28.
LaTeX Info: Redefining \. on input line 36.
LaTeX Info: Redefining \% on input line 36.
LaTeX Info: Redefining \. on input line 38.
LaTeX Info: Redefining \% on input line 38.
 (/home/alvaro/Documents/IB/Semestre 7/TM/GitHub/masters-thesis-latex/introduccion.aux) (/home/alvaro/Documents/IB/Semestre 7/TM/GitHub/masters-thesis-latex/capitulo1.aux) (/home/alvaro/Documents/IB/Semestre 7/TM/GitHub/masters-thesis-latex/capitulo2.aux) (/home/alvaro/Documents/IB/Semestre 7/TM/GitHub/masters-thesis-latex/capitulo3.aux) (/home/alvaro/Documents/IB/Semestre 7/TM/GitHub/masters-thesis-latex/capitulo4.aux) (/home/alvaro/Documents/IB/Semestre 7/TM/GitHub/masters-thesis-latex/conclusiones.aux) (/home/alvaro/Documents/IB/Semestre 7/TM/GitHub/masters-thesis-latex/apendice.aux))
\openout1 = `z-main.aux'.

LaTeX Font Info:    Checking defaults for OML/cmm/m/it on input line 18.
LaTeX Font Info:    ... okay on input line 18.
LaTeX Font Info:    Checking defaults for OMS/cmsy/m/n on input line 18.
LaTeX Font Info:    ... okay on input line 18.
LaTeX Font Info:    Checking defaults for OT1/cmr/m/n on input line 18.
LaTeX Font Info:    ... okay on input line 18.
LaTeX Font Info:    Checking defaults for T1/cmr/m/n on input line 18.
LaTeX Font Info:    ... okay on input line 18.
LaTeX Font Info:    Checking defaults for TS1/cmr/m/n on input line 18.
LaTeX Font Info:    ... okay on input line 18.
LaTeX Font Info:    Checking defaults for OMX/cmex/m/n on input line 18.
LaTeX Font Info:    ... okay on input line 18.
LaTeX Font Info:    Checking defaults for U/cmr/m/n on input line 18.
LaTeX Font Info:    ... okay on input line 18.
LaTeX Font Info:    Checking defaults for PD1/pdf/m/n on input line 18.
LaTeX Font Info:    ... okay on input line 18.
LaTeX Info: Redefining \. on input line 18.
LaTeX Info: Redefining \% on input line 18.

*geometry* driver: auto-detecting
*geometry* detected driver: pdftex
*geometry* verbose mode - [ preamble ] result:
* driver: pdftex
* paper: a4paper
* layout: <same size as paper>
* layoutoffset:(h,v)=(0.0pt,0.0pt)
* modes: twoside 
* h-part:(L,W,R)=(113.81102pt, 398.3386pt, 85.35826pt)
* v-part:(T,H,B)=(99.58464pt, 631.65118pt, 113.81102pt)
* \paperwidth=597.50787pt
* \paperheight=845.04684pt
* \textwidth=398.3386pt
* \textheight=631.65118pt
* \oddsidemargin=41.54103pt
* \evensidemargin=13.08827pt
* \topmargin=-2.75284pt
* \headheight=12.0pt
* \headsep=18.06749pt
* \topskip=10.0pt
* \footskip=25.29494pt
* \marginparwidth=125.0pt
* \marginparsep=7.0pt
* \columnsep=10.0pt
* \skip\footins=9.0pt plus 4.0pt minus 2.0pt
* \hoffset=0.0pt
* \voffset=0.0pt
* \mag=1000
* \@twocolumnfalse
* \@twosidetrue
* \@mparswitchtrue
* \@reversemarginfalse
* (1in=72.27pt=25.4mm, 1cm=28.453pt)

Package caption Info: Begin \AtBeginDocument code.
Package caption Info: hyperref package is loaded.
Package caption Info: rotating package is loaded.
Package caption Info: End \AtBeginDocument code.
\AtBeginShipoutBox=\box70
Package hyperref Info: Link coloring OFF on input line 18.
(/usr/share/texlive/texmf-dist/tex/latex/hyperref/nameref.sty
Package: nameref 2019/09/16 v2.46 Cross-referencing by name of section
 (/usr/share/texlive/texmf-dist/tex/latex/refcount/refcount.sty
Package: refcount 2019/12/15 v3.6 Data extraction from label references (HO)
) (/usr/share/texlive/texmf-dist/tex/generic/gettitlestring/gettitlestring.sty
Package: gettitlestring 2019/12/15 v1.6 Cleanup title references (HO)
)
\c@section@level=\count461
)
LaTeX Info: Redefining \ref on input line 18.
LaTeX Info: Redefining \pageref on input line 18.
LaTeX Info: Redefining \nameref on input line 18.
 (/home/alvaro/Documents/IB/Semestre 7/TM/GitHub/masters-thesis-latex/z-main.out) (/home/alvaro/Documents/IB/Semestre 7/TM/GitHub/masters-thesis-latex/z-main.out)
\@outlinefile=\write5
\openout5 = `z-main.out'.

 (/usr/share/texlive/texmf-dist/tex/context/base/mkii/supp-pdf.mkii
[Loading MPS to PDF converter (version 2006.09.02).]
\scratchcounter=\count462
\scratchdimen=\dimen309
\scratchbox=\box71
\nofMPsegments=\count463
\nofMParguments=\count464
\everyMPshowfont=\toks38
\MPscratchCnt=\count465
\MPscratchDim=\dimen310
\MPnumerator=\count466
\makeMPintoPDFobject=\count467
\everyMPtoPDFconversion=\toks39
) (/usr/share/texlive/texmf-dist/tex/latex/epstopdf-pkg/epstopdf-base.sty
Package: epstopdf-base 2020-01-24 v2.11 Base part for package epstopdf
Package epstopdf-base Info: Redefining graphics rule for `.eps' on input line 485.
 (/usr/share/texlive/texmf-dist/tex/latex/latexconfig/epstopdf-sys.cfg
File: epstopdf-sys.cfg 2010/07/13 v1.3 Configuration of (r)epstopdf for TeX Live
))
Package biblatex Info: Trying to load language 'spanish'...
Package biblatex Info: ... file 'spanish.lbx' found.
 (/usr/share/texlive/texmf-dist/tex/latex/biblatex/lbx/spanish.lbx
File: spanish.lbx 2019/12/01 v3.14 biblatex localization (PK/MW)
)
Package biblatex Info: Trying to load language 'english'...
Package biblatex Info: ... file 'english.lbx' found.
 (/usr/share/texlive/texmf-dist/tex/latex/biblatex/lbx/english.lbx
File: english.lbx 2019/12/01 v3.14 biblatex localization (PK/MW)
)
Package biblatex Info: Input encoding 'utf8' detected.
Package biblatex Info: Automatic encoding selection.
(biblatex)             Assuming data encoding 'utf8'.
\openout3 = `z-main.bcf'.

Package biblatex Info: Trying to load bibliographic data...
Package biblatex Info: ... file 'z-main.bbl' found.
 (/home/alvaro/Documents/IB/Semestre 7/TM/GitHub/masters-thesis-latex/z-main.bbl)
Package biblatex Info: Reference section=0 on input line 18.
Package biblatex Info: Reference segment=0 on input line 18.
 (/usr/share/texlive/texmf-dist/tex/latex/translator/translator-basic-dictionary-English.dict
Dictionary: translator-basic-dictionary, Language: English 
) (/usr/share/texlive/texmf-dist/tex/latex/siunitx/siunitx-abbreviations.cfg
File: siunitx-abbreviations.cfg 2017/11/26 v2.7k siunitx: Abbreviated units
) ABD: EveryShipout initializing macros
LaTeX Font Info:    Trying to load font information for U+msa on input line 18.
 (/usr/share/texlive/texmf-dist/tex/latex/amsfonts/umsa.fd
File: umsa.fd 2013/01/14 v3.01 AMS symbols A
)
LaTeX Font Info:    Trying to load font information for U+msb on input line 18.
 (/usr/share/texlive/texmf-dist/tex/latex/amsfonts/umsb.fd
File: umsb.fd 2013/01/14 v3.01 AMS symbols B
) [1



{/var/lib/texmf/fonts/map/pdftex/updmap/pdftex.map}] (/home/alvaro/Documents/IB/Semestre 7/TM/GitHub/masters-thesis-latex/z-main.toc
LaTeX Info: Redefining \. on input line 2.
LaTeX Info: Redefining \% on input line 2.
LaTeX Info: Redefining \. on input line 6.
LaTeX Info: Redefining \% on input line 6.
LaTeX Info: Redefining \. on input line 8.
LaTeX Info: Redefining \% on input line 8.
 [2

])
\tf@toc=\write6
\openout6 = `z-main.toc'.

 (/home/alvaro/Documents/IB/Semestre 7/TM/GitHub/masters-thesis-latex/frontmatter/resumen.tex
LaTeX Info: Redefining \. on input line 4.
LaTeX Info: Redefining \% on input line 4.
 [3]) (/home/alvaro/Documents/IB/Semestre 7/TM/GitHub/masters-thesis-latex/frontmatter/abstract.tex [4

]
LaTeX Info: Redefining \. on input line 17.
LaTeX Info: Redefining \% on input line 17.
LaTeX Info: Redefining \. on input line 17.
LaTeX Info: Redefining \% on input line 17.
) [5

] [6

]
\openout2 = `introduccion.aux'.

 (/home/alvaro/Documents/IB/Semestre 7/TM/GitHub/masters-thesis-latex/introduccion.tex
<figuras/caratulas/analisis_no_supervisado_del_comportamiento_animal.jpg, id=207, 963.6pt x 1573.88pt>
File: figuras/caratulas/analisis_no_supervisado_del_comportamiento_animal.jpg Graphic file (type jpg)
<use figuras/caratulas/analisis_no_supervisado_del_comportamiento_animal.jpg>
Package pdftex.def Info: figuras/caratulas/analisis_no_supervisado_del_comportamiento_animal.jpg  used on input line 18.
(pdftex.def)             Requested size: 517.36618pt x 845.03143pt.
 [1


 </home/alvaro/Documents/IB/Semestre 7/TM/GitHub/masters-thesis-latex/figuras/caratulas/analisis_no_supervisado_del_comportamiento_animal.jpg>]
<figuras/introduccion/registros_neuronas.pdf, id=217, 427.98842pt x 164.57628pt>
File: figuras/introduccion/registros_neuronas.pdf Graphic file (type pdf)
<use figuras/introduccion/registros_neuronas.pdf>
Package pdftex.def Info: figuras/introduccion/registros_neuronas.pdf  used on input line 26.
(pdftex.def)             Requested size: 394.35739pt x 151.65057pt.
LaTeX Font Info:    Trying to load font information for T1+cmss on input line 27.
 (/usr/share/texlive/texmf-dist/tex/latex/base/t1cmss.fd
File: t1cmss.fd 2019/12/16 v2.5j Standard LaTeX font definitions
)
LaTeX Info: Redefining \. on input line 36.
LaTeX Info: Redefining \% on input line 36.
 [2

 </home/alvaro/Documents/IB/Semestre 7/TM/GitHub/masters-thesis-latex/figuras/introduccion/registros_neuronas.pdf>]
LaTeX Info: Redefining \. on input line 44.
LaTeX Info: Redefining \% on input line 44.
 [3]
LaTeX Info: Redefining \. on input line 58.
LaTeX Info: Redefining \% on input line 58.
 [4

]
<figuras/introduccion/flujo_de_trabajo.pdf, id=340, 1033.0907pt x 569.21165pt>
File: figuras/introduccion/flujo_de_trabajo.pdf Graphic file (type pdf)
<use figuras/introduccion/flujo_de_trabajo.pdf>
Package pdftex.def Info: figuras/introduccion/flujo_de_trabajo.pdf  used on input line 62.
(pdftex.def)             Requested size: 338.59023pt x 186.55498pt.
)
LaTeX Info: Redefining \. on input line 27.
LaTeX Info: Redefining \% on input line 27.
 [5

 </home/alvaro/Documents/IB/Semestre 7/TM/GitHub/masters-thesis-latex/figuras/introduccion/flujo_de_trabajo.pdf>]
\openout2 = `capitulo1.aux'.

 (/home/alvaro/Documents/IB/Semestre 7/TM/GitHub/masters-thesis-latex/capitulo1.tex
Cap\'{\i }tulo 1.
<figuras/caratulas/metodo_experimental.jpg, id=855, 963.6pt x 1573.88pt>
File: figuras/caratulas/metodo_experimental.jpg Graphic file (type jpg)
<use figuras/caratulas/metodo_experimental.jpg>
Package pdftex.def Info: figuras/caratulas/metodo_experimental.jpg  used on input line 16.
(pdftex.def)             Requested size: 517.36618pt x 845.03143pt.
[6



 </home/alvaro/Documents/IB/Semestre 7/TM/GitHub/masters-thesis-latex/figuras/caratulas/metodo_experimental.jpg>] [7

]
<figuras/capitulo1/rotarod.pdf, id=872, 254.2617pt x 250.8537pt>
File: figuras/capitulo1/rotarod.pdf Graphic file (type pdf)
<use figuras/capitulo1/rotarod.pdf>
Package pdftex.def Info: figuras/capitulo1/rotarod.pdf  used on input line 26.
(pdftex.def)             Requested size: 199.1693pt x 196.50719pt.
LaTeX Info: Redefining \. on input line 40.
LaTeX Info: Redefining \% on input line 40.
 [8

 </home/alvaro/Documents/IB/Semestre 7/TM/GitHub/masters-thesis-latex/figuras/capitulo1/rotarod.pdf>]
<figuras/capitulo1/camaras.pdf, id=1359, 740.7675pt x 218.62874pt>
File: figuras/capitulo1/camaras.pdf Graphic file (type pdf)
<use figuras/capitulo1/camaras.pdf>
Package pdftex.def Info: figuras/capitulo1/camaras.pdf  used on input line 50.
(pdftex.def)             Requested size: 219.08743pt x 64.65837pt.
)
LaTeX Info: Redefining \. on input line 28.
LaTeX Info: Redefining \% on input line 28.
 [9 </home/alvaro/Documents/IB/Semestre 7/TM/GitHub/masters-thesis-latex/figuras/capitulo1/camaras.pdf>]
\openout2 = `capitulo2.aux'.

 (/home/alvaro/Documents/IB/Semestre 7/TM/GitHub/masters-thesis-latex/capitulo2.tex
Cap\'{\i }tulo 2.
<figuras/caratulas/extraccion_de_caracteristicas.jpg, id=1370, 963.6pt x 1573.88pt>
File: figuras/caratulas/extraccion_de_caracteristicas.jpg Graphic file (type jpg)
<use figuras/caratulas/extraccion_de_caracteristicas.jpg>
Package pdftex.def Info: figuras/caratulas/extraccion_de_caracteristicas.jpg  used on input line 16.
(pdftex.def)             Requested size: 517.36618pt x 845.03143pt.
[10



 </home/alvaro/Documents/IB/Semestre 7/TM/GitHub/masters-thesis-latex/figuras/caratulas/extraccion_de_caracteristicas.jpg>]
<figuras/capitulo2/captura_movimiento.pdf, id=1380, 359.01176pt x 240.9pt>
File: figuras/capitulo2/captura_movimiento.pdf Graphic file (type pdf)
<use figuras/capitulo2/captura_movimiento.pdf>
Package pdftex.def Info: figuras/capitulo2/captura_movimiento.pdf  used on input line 28.
(pdftex.def)             Requested size: 258.91765pt x 173.73825pt.
LaTeX Font Info:    Trying to load font information for T1+cmtt on input line 35.
 (/usr/share/texlive/texmf-dist/tex/latex/base/t1cmtt.fd
File: t1cmtt.fd 2019/12/16 v2.5j Standard LaTeX font definitions
)
LaTeX Info: Redefining \. on input line 38.
LaTeX Info: Redefining \% on input line 38.
 [11

]
LaTeX Info: Redefining \. on input line 39.
LaTeX Info: Redefining \% on input line 39.
 [12 </home/alvaro/Documents/IB/Semestre 7/TM/GitHub/masters-thesis-latex/figuras/capitulo2/captura_movimiento.pdf>]
<figuras/capitulo2/angulos_esqueleto.pdf, id=1436, 474.7789pt x 441.2021pt>
File: figuras/capitulo2/angulos_esqueleto.pdf Graphic file (type pdf)
<use figuras/capitulo2/angulos_esqueleto.pdf>
Package pdftex.def Info: figuras/capitulo2/angulos_esqueleto.pdf  used on input line 47.
(pdftex.def)             Requested size: 199.1693pt x 185.08818pt.
LaTeX Info: Redefining \. on input line 57.
LaTeX Info: Redefining \% on input line 57.


Package Fancyhdr Warning: \headheight is too small (12.0pt): 
Make it at least 12.15405pt.
We now make it that large for the rest of the document.
This may cause the page layout to be inconsistent, however.

[13

 </home/alvaro/Documents/IB/Semestre 7/TM/GitHub/masters-thesis-latex/figuras/capitulo2/angulos_esqueleto.pdf>]
<figuras/capitulo2/caracteristicas_de_pasos.pdf, id=1485, 490.91594pt x 336.021pt>
File: figuras/capitulo2/caracteristicas_de_pasos.pdf Graphic file (type pdf)
<use figuras/capitulo2/caracteristicas_de_pasos.pdf>
Package pdftex.def Info: figuras/capitulo2/caracteristicas_de_pasos.pdf  used on input line 70.
(pdftex.def)             Requested size: 258.91765pt x 177.22375pt.
<figuras/capitulo2/estadistica_de_pasos.pdf, id=1486, 599.11592pt x 362.31273pt>
File: figuras/capitulo2/estadistica_de_pasos.pdf Graphic file (type pdf)
<use figuras/capitulo2/estadistica_de_pasos.pdf>
Package pdftex.def Info: figuras/capitulo2/estadistica_de_pasos.pdf  used on input line 79.
(pdftex.def)             Requested size: 318.67209pt x 192.7214pt.
)
LaTeX Info: Redefining \. on input line 29.
LaTeX Info: Redefining \% on input line 29.
 [14]
LaTeX Info: Redefining \. on input line 29.
LaTeX Info: Redefining \% on input line 29.
 [15 </home/alvaro/Documents/IB/Semestre 7/TM/GitHub/masters-thesis-latex/figuras/capitulo2/caracteristicas_de_pasos.pdf> </home/alvaro/Documents/IB/Semestre 7/TM/GitHub/masters-thesis-latex/figuras/capitulo2/estadistica_de_pasos.pdf

pdfTeX warning: pdflatex (file /home/alvaro/Documents/IB/Semestre 7/TM/GitHub/masters-thesis-latex/figuras/capitulo2/estadistica_de_pasos.pdf): PDF inclusion: multiple pdfs with page group included in a single page
>]
\openout2 = `capitulo3.aux'.

 (/home/alvaro/Documents/IB/Semestre 7/TM/GitHub/masters-thesis-latex/capitulo3.tex
Cap\'{\i }tulo 3.
<figuras/caratulas/representacion_del_comportamiento.jpg, id=1541, 963.6pt x 1573.88pt>
File: figuras/caratulas/representacion_del_comportamiento.jpg Graphic file (type jpg)
<use figuras/caratulas/representacion_del_comportamiento.jpg>
Package pdftex.def Info: figuras/caratulas/representacion_del_comportamiento.jpg  used on input line 16.
(pdftex.def)             Requested size: 517.36618pt x 845.03143pt.
[16



 </home/alvaro/Documents/IB/Semestre 7/TM/GitHub/masters-thesis-latex/figuras/caratulas/representacion_del_comportamiento.jpg>]
<figuras/capitulo3/representacion_comportamiento.pdf, id=1548, 2523.26282pt x 2548.99298pt>
File: figuras/capitulo3/representacion_comportamiento.pdf Graphic file (type pdf)
<use figuras/capitulo3/representacion_comportamiento.pdf>
Package pdftex.def Info: figuras/capitulo3/representacion_comportamiento.pdf  used on input line 27.
(pdftex.def)             Requested size: 179.25114pt x 181.05367pt.
LaTeX Info: Redefining \. on input line 39.
LaTeX Info: Redefining \% on input line 39.
 [17

 </home/alvaro/Documents/IB/Semestre 7/TM/GitHub/masters-thesis-latex/figuras/capitulo3/representacion_comportamiento.pdf>]
<figuras/capitulo3/probabilidad_caer_por_rendimiento.png, id=1564, 614.295pt x 289.08pt>
File: figuras/capitulo3/probabilidad_caer_por_rendimiento.png Graphic file (type png)
<use figuras/capitulo3/probabilidad_caer_por_rendimiento.png>
Package pdftex.def Info: figuras/capitulo3/probabilidad_caer_por_rendimiento.png  used on input line 45.
(pdftex.def)             Requested size: 318.67209pt x 149.96516pt.
LaTeX Info: Redefining \. on input line 57.
LaTeX Info: Redefining \% on input line 57.
 [18

 </home/alvaro/Documents/IB/Semestre 7/TM/GitHub/masters-thesis-latex/figuras/capitulo3/probabilidad_caer_por_rendimiento.png>]
LaTeX Info: Redefining \. on input line 83.
LaTeX Info: Redefining \% on input line 83.
 [19]
<figuras/capitulo3/latencia_por_prueba_por_rendimiento.pdf, id=1577, 559.96078pt x 279.0262pt>
File: figuras/capitulo3/latencia_por_prueba_por_rendimiento.pdf Graphic file (type pdf)
<use figuras/capitulo3/latencia_por_prueba_por_rendimiento.pdf>
Package pdftex.def Info: figuras/capitulo3/latencia_por_prueba_por_rendimiento.pdf  used on input line 89.
(pdftex.def)             Requested size: 318.67209pt x 158.79538pt.
LaTeX Info: Redefining \. on input line 119.
LaTeX Info: Redefining \% on input line 119.
 [20

 </home/alvaro/Documents/IB/Semestre 7/TM/GitHub/masters-thesis-latex/figuras/capitulo3/latencia_por_prueba_por_rendimiento.pdf>]
LaTeX Info: Redefining \. on input line 129.
LaTeX Info: Redefining \% on input line 129.
 [21]
Overfull \hbox (10.38368pt too wide) in paragraph at lines 167--190
 [][] 
 []

)
LaTeX Info: Redefining \. on input line 30.
LaTeX Info: Redefining \% on input line 30.
 [22]
LaTeX Info: Redefining \. on input line 30.
LaTeX Info: Redefining \% on input line 30.
 [23]
\openout2 = `capitulo4.aux'.

 (/home/alvaro/Documents/IB/Semestre 7/TM/GitHub/masters-thesis-latex/capitulo4.tex
Cap\'{\i }tulo 4.
<figuras/caratulas/mapa_de_comportamientos.jpg, id=1675, 963.6pt x 1573.88pt>
File: figuras/caratulas/mapa_de_comportamientos.jpg Graphic file (type jpg)
<use figuras/caratulas/mapa_de_comportamientos.jpg>
Package pdftex.def Info: figuras/caratulas/mapa_de_comportamientos.jpg  used on input line 16.
(pdftex.def)             Requested size: 517.36618pt x 845.03143pt.
[24



 </home/alvaro/Documents/IB/Semestre 7/TM/GitHub/masters-thesis-latex/figuras/caratulas/mapa_de_comportamientos.jpg>]
Underfull \vbox (badness 3323) has occurred while \output is active []

 [25

]
<figuras/capitulo4/partes_del_cuerpo_pca.pdf, id=1701, 550.34906pt x 225.88321pt>
File: figuras/capitulo4/partes_del_cuerpo_pca.pdf Graphic file (type pdf)
<use figuras/capitulo4/partes_del_cuerpo_pca.pdf>
Package pdftex.def Info: figuras/capitulo4/partes_del_cuerpo_pca.pdf  used on input line 28.
(pdftex.def)             Requested size: 318.67209pt x 130.7952pt.
LaTeX Info: Redefining \. on input line 39.
LaTeX Info: Redefining \% on input line 39.
 [26 </home/alvaro/Documents/IB/Semestre 7/TM/GitHub/masters-thesis-latex/figuras/capitulo4/partes_del_cuerpo_pca.pdf>]
<figuras/capitulo4/comentario_label_umap.png, id=1732, 805.0878pt x 281.3712pt>
File: figuras/capitulo4/comentario_label_umap.png Graphic file (type png)
<use figuras/capitulo4/comentario_label_umap.png>
Package pdftex.def Info: figuras/capitulo4/comentario_label_umap.png  used on input line 48.
(pdftex.def)             Requested size: 394.35739pt x 137.82587pt.
LaTeX Info: Redefining \. on input line 56.
LaTeX Info: Redefining \% on input line 56.
 [27]
Underfull \vbox (badness 3503) has occurred while \output is active []

LaTeX Info: Redefining \. on input line 58.
LaTeX Info: Redefining \% on input line 58.
 [28 </home/alvaro/Documents/IB/Semestre 7/TM/GitHub/masters-thesis-latex/figuras/capitulo4/comentario_label_umap.png>]
Underfull \vbox (badness 10000) has occurred while \output is active []

LaTeX Info: Redefining \. on input line 62.
LaTeX Info: Redefining \% on input line 62.
 [29]
<figuras/capitulo4/labels_umap_wav.png, id=1788, 896.3889pt x 712.3413pt>
File: figuras/capitulo4/labels_umap_wav.png Graphic file (type png)
<use figuras/capitulo4/labels_umap_wav.png>
Package pdftex.def Info: figuras/capitulo4/labels_umap_wav.png  used on input line 67.
(pdftex.def)             Requested size: 394.35739pt x 313.38766pt.
<figuras/capitulo4/labels_umap_stp.png, id=1789, 826.0461pt x 715.473pt>
File: figuras/capitulo4/labels_umap_stp.png Graphic file (type png)
<use figuras/capitulo4/labels_umap_stp.png>
Package pdftex.def Info: figuras/capitulo4/labels_umap_stp.png  used on input line 75.
(pdftex.def)             Requested size: 394.35739pt x 341.56721pt.
LaTeX Info: Redefining \. on input line 81.
LaTeX Info: Redefining \% on input line 81.
 [30]
LaTeX Info: Redefining \. on input line 81.
LaTeX Info: Redefining \% on input line 81.
 [31 </home/alvaro/Documents/IB/Semestre 7/TM/GitHub/masters-thesis-latex/figuras/capitulo4/labels_umap_wav.png>]
LaTeX Info: Redefining \. on input line 81.
LaTeX Info: Redefining \% on input line 81.
 [32 </home/alvaro/Documents/IB/Semestre 7/TM/GitHub/masters-thesis-latex/figuras/capitulo4/labels_umap_stp.png>]
LaTeX Info: Redefining \. on input line 90.
LaTeX Info: Redefining \% on input line 90.
 [33

]
<figuras/capitulo4/entropia.pdf, id=1826, 910.4937pt x 298.43275pt>
File: figuras/capitulo4/entropia.pdf Graphic file (type pdf)
<use figuras/capitulo4/entropia.pdf>
Package pdftex.def Info: figuras/capitulo4/entropia.pdf  used on input line 95.
(pdftex.def)             Requested size: 394.35739pt x 129.26163pt.
<figuras/capitulo4/probabilidades_labels_wav.pdf, id=1827, 934.695pt x 1172.72908pt>
File: figuras/capitulo4/probabilidades_labels_wav.pdf Graphic file (type pdf)
<use figuras/capitulo4/probabilidades_labels_wav.pdf>
Package pdftex.def Info: figuras/capitulo4/probabilidades_labels_wav.pdf  used on input line 103.
(pdftex.def)             Requested size: 394.35739pt x 494.77966pt.
<figuras/capitulo4/probabilidades_labels_stp.pdf, id=1828, 937.13179pt x 1171.22346pt>
File: figuras/capitulo4/probabilidades_labels_stp.pdf Graphic file (type pdf)
<use figuras/capitulo4/probabilidades_labels_stp.pdf>
Package pdftex.def Info: figuras/capitulo4/probabilidades_labels_stp.pdf  used on input line 110.
(pdftex.def)             Requested size: 394.35739pt x 492.8577pt.
)
LaTeX Info: Redefining \. on input line 31.
LaTeX Info: Redefining \% on input line 31.
 [34 </home/alvaro/Documents/IB/Semestre 7/TM/GitHub/masters-thesis-latex/figuras/capitulo4/entropia.pdf>]
LaTeX Info: Redefining \. on input line 31.
LaTeX Info: Redefining \% on input line 31.
 [35 </home/alvaro/Documents/IB/Semestre 7/TM/GitHub/masters-thesis-latex/figuras/capitulo4/probabilidades_labels_wav.pdf>]
LaTeX Info: Redefining \. on input line 31.
LaTeX Info: Redefining \% on input line 31.
 [36 </home/alvaro/Documents/IB/Semestre 7/TM/GitHub/masters-thesis-latex/figuras/capitulo4/probabilidades_labels_stp.pdf>]
\openout2 = `conclusiones.aux'.

 (/home/alvaro/Documents/IB/Semestre 7/TM/GitHub/masters-thesis-latex/conclusiones.tex
<figuras/caratulas/conclusiones.jpg, id=1858, 963.6pt x 1573.88pt>
File: figuras/caratulas/conclusiones.jpg Graphic file (type jpg)
<use figuras/caratulas/conclusiones.jpg>
Package pdftex.def Info: figuras/caratulas/conclusiones.jpg  used on input line 18.
(pdftex.def)             Requested size: 517.36618pt x 845.03143pt.
 [37



 </home/alvaro/Documents/IB/Semestre 7/TM/GitHub/masters-thesis-latex/figuras/caratulas/conclusiones.jpg>]
Underfull \vbox (badness 3323) has occurred while \output is active []

LaTeX Info: Redefining \. on input line 27.
LaTeX Info: Redefining \% on input line 27.
 [38

])
LaTeX Info: Redefining \. on input line 32.
LaTeX Info: Redefining \% on input line 32.
 [39] [40


]
Overfull \hbox (3.43349pt too wide) in paragraph at lines 37--37
\T1/cmr/m/n/10 0896-6273. []$\T1/cmtt/m/n/10 https : / / sciencedirect . com / science / article / pii / S0896627319308414$[]
 []


Overfull \hbox (14.77217pt too wide) in paragraph at lines 37--37
[]\T1/cmr/m/n/10 Chen Z., Pe-sa-ran B. Im-pro-ving sca-la-bi-lity in sys-tems neu-ros-cien-ce. \T1/cmr/m/it/10 Neu-ron \T1/cmr/bx/n/10 109, \T1/cmr/m/n/10 1776[]1790.
 []


Overfull \hbox (26.74445pt too wide) in paragraph at lines 37--37
\T1/cmr/m/sc/10 issn\T1/cmr/m/n/10 : 0896-6273. []$\T1/cmtt/m/n/10 https : / / sciencedirect . com / science / article / pii / S0896627321001951$[]
 []


Overfull \hbox (5.35957pt too wide) in paragraph at lines 37--37
[]\T1/cmr/m/n/10 Carter S. \T1/cmr/m/it/10 et al. \T1/cmr/m/n/10 Ac-ti-va-tion Atlas. \T1/cmr/m/it/10 Dis-till. \T1/cmr/m/n/10 https://distill.pub/2019/activation-atlas (2019). 
 []

[41

]
LaTeX Info: Redefining \. on input line 37.
LaTeX Info: Redefining \% on input line 37.
 [42]
LaTeX Info: Redefining \. on input line 43.
LaTeX Info: Redefining \% on input line 43.
 [43]
\openout2 = `apendice.aux'.

 (/home/alvaro/Documents/IB/Semestre 7/TM/GitHub/masters-thesis-latex/apendice.tex
Ap\'{e}ndice A.
<figuras/capitulo2/posiciones.pdf, id=1955, 574.54652pt x 669.22017pt>
File: figuras/capitulo2/posiciones.pdf Graphic file (type pdf)
<use figuras/capitulo2/posiciones.pdf>
Package pdftex.def Info: figuras/capitulo2/posiciones.pdf  used on input line 10.
(pdftex.def)             Requested size: 239.00558pt x 278.39514pt.
[44


 </home/alvaro/Documents/IB/Semestre 7/TM/GitHub/masters-thesis-latex/figuras/capitulo2/posiciones.pdf>]
<figuras/capitulo2/angulos.pdf, id=1995, 582.25606pt x 479.30876pt>
File: figuras/capitulo2/angulos.pdf Graphic file (type pdf)
<use figuras/capitulo2/angulos.pdf>
Package pdftex.def Info: figuras/capitulo2/angulos.pdf  used on input line 23.
(pdftex.def)             Requested size: 239.00558pt x 196.74458pt.
LaTeX Info: Redefining \. on input line 31.
LaTeX Info: Redefining \% on input line 31.
 [45

 </home/alvaro/Documents/IB/Semestre 7/TM/GitHub/masters-thesis-latex/figuras/capitulo2/angulos.pdf>]
<figuras/capitulo2/espectros_wavelet.pdf, id=2041, 686.32031pt x 934.24724pt>
File: figuras/capitulo2/espectros_wavelet.pdf Graphic file (type pdf)
<use figuras/capitulo2/espectros_wavelet.pdf>
Package pdftex.def Info: figuras/capitulo2/espectros_wavelet.pdf  used on input line 37.
(pdftex.def)             Requested size: 278.83578pt x 379.56552pt.
<figuras/capitulo4/mi_mean_wav.pdf, id=2044, 518.74362pt x 426.19534pt>
File: figuras/capitulo4/mi_mean_wav.pdf Graphic file (type pdf)
<use figuras/capitulo4/mi_mean_wav.pdf>
Package pdftex.def Info: figuras/capitulo4/mi_mean_wav.pdf  used on input line 47.
(pdftex.def)             Requested size: 278.83578pt x 229.09503pt.
<figuras/capitulo4/varianza_pca.pdf, id=2045, 542.48607pt x 280.6573pt>
File: figuras/capitulo4/varianza_pca.pdf Graphic file (type pdf)
<use figuras/capitulo4/varianza_pca.pdf>
Package pdftex.def Info: figuras/capitulo4/varianza_pca.pdf  used on input line 56.
(pdftex.def)             Requested size: 278.83578pt x 144.25961pt.
<figuras/capitulo4/pesos_pca.png, id=2046, 671.1474pt x 387.1263pt>
File: figuras/capitulo4/pesos_pca.png Graphic file (type png)
<use figuras/capitulo4/pesos_pca.png>
Package pdftex.def Info: figuras/capitulo4/pesos_pca.png  used on input line 64.
(pdftex.def)             Requested size: 318.67209pt x 183.81601pt.
<figuras/capitulo4/mi_pca_wav.pdf, id=2047, 485.03006pt x 391.51953pt>
File: figuras/capitulo4/mi_pca_wav.pdf Graphic file (type pdf)
<use figuras/capitulo4/mi_pca_wav.pdf>
Package pdftex.def Info: figuras/capitulo4/mi_pca_wav.pdf  used on input line 72.
(pdftex.def)             Requested size: 278.83578pt x 225.08614pt.
<figuras/capitulo4/componentes_pca.pdf, id=2048, 601.59814pt x 825.1195pt>
File: figuras/capitulo4/componentes_pca.pdf Graphic file (type pdf)
<use figuras/capitulo4/componentes_pca.pdf>
Package pdftex.def Info: figuras/capitulo4/componentes_pca.pdf  used on input line 80.
(pdftex.def)             Requested size: 278.83578pt x 382.43016pt.
LaTeX Info: Redefining \. on input line 87.
LaTeX Info: Redefining \% on input line 87.
 [46

 </home/alvaro/Documents/IB/Semestre 7/TM/GitHub/masters-thesis-latex/figuras/capitulo2/espectros_wavelet.pdf>]
LaTeX Info: Redefining \. on input line 87.
LaTeX Info: Redefining \% on input line 87.
 [47 </home/alvaro/Documents/IB/Semestre 7/TM/GitHub/masters-thesis-latex/figuras/capitulo4/mi_mean_wav.pdf> </home/alvaro/Documents/IB/Semestre 7/TM/GitHub/masters-thesis-latex/figuras/capitulo4/varianza_pca.pdf

pdfTeX warning: pdflatex (file /home/alvaro/Documents/IB/Semestre 7/TM/GitHub/masters-thesis-latex/figuras/capitulo4/varianza_pca.pdf): PDF inclusion: multiple pdfs with page group included in a single page
>]
LaTeX Info: Redefining \. on input line 87.
LaTeX Info: Redefining \% on input line 87.
 [48 </home/alvaro/Documents/IB/Semestre 7/TM/GitHub/masters-thesis-latex/figuras/capitulo4/pesos_pca.png> </home/alvaro/Documents/IB/Semestre 7/TM/GitHub/masters-thesis-latex/figuras/capitulo4/mi_pca_wav.pdf>]
LaTeX Info: Redefining \. on input line 87.
LaTeX Info: Redefining \% on input line 87.
 [49 </home/alvaro/Documents/IB/Semestre 7/TM/GitHub/masters-thesis-latex/figuras/capitulo4/componentes_pca.pdf>]
<figuras/capitulo4/caracteristicas_pasos_poses.pdf, id=2289, 574.54652pt x 826.18262pt>
File: figuras/capitulo4/caracteristicas_pasos_poses.pdf Graphic file (type pdf)
<use figuras/capitulo4/caracteristicas_pasos_poses.pdf>
Package pdftex.def Info: figuras/capitulo4/caracteristicas_pasos_poses.pdf  used on input line 93.
(pdftex.def)             Requested size: 278.83578pt x 400.96283pt.
<figuras/capitulo4/mi_scaler_stp.pdf, id=2292, 496.77155pt x 575.76176pt>
File: figuras/capitulo4/mi_scaler_stp.pdf Graphic file (type pdf)
<use figuras/capitulo4/mi_scaler_stp.pdf>
Package pdftex.def Info: figuras/capitulo4/mi_scaler_stp.pdf  used on input line 104.
(pdftex.def)             Requested size: 278.83578pt x 323.17993pt.
<figuras/capitulo4/mi_mean_wav_scaler_stp.pdf, id=2293, 503.68802pt x 575.76176pt>
File: figuras/capitulo4/mi_mean_wav_scaler_stp.pdf Graphic file (type pdf)
<use figuras/capitulo4/mi_mean_wav_scaler_stp.pdf>
Package pdftex.def Info: figuras/capitulo4/mi_mean_wav_scaler_stp.pdf  used on input line 112.
(pdftex.def)             Requested size: 298.75394pt x 341.52386pt.
<figuras/capitulo4/mi_pca_wav_scaler_stp.pdf, id=2294, 433.91171pt x 575.76176pt>
File: figuras/capitulo4/mi_pca_wav_scaler_stp.pdf Graphic file (type pdf)
<use figuras/capitulo4/mi_pca_wav_scaler_stp.pdf>
Package pdftex.def Info: figuras/capitulo4/mi_pca_wav_scaler_stp.pdf  used on input line 119.
(pdftex.def)             Requested size: 278.83578pt x 369.98857pt.
LaTeX Info: Redefining \. on input line 124.
LaTeX Info: Redefining \% on input line 124.
 [50

 </home/alvaro/Documents/IB/Semestre 7/TM/GitHub/masters-thesis-latex/figuras/capitulo4/caracteristicas_pasos_poses.pdf>]
LaTeX Info: Redefining \. on input line 124.
LaTeX Info: Redefining \% on input line 124.
 [51 </home/alvaro/Documents/IB/Semestre 7/TM/GitHub/masters-thesis-latex/figuras/capitulo4/mi_scaler_stp.pdf>]
LaTeX Info: Redefining \. on input line 124.
LaTeX Info: Redefining \% on input line 124.
 [52 </home/alvaro/Documents/IB/Semestre 7/TM/GitHub/masters-thesis-latex/figuras/capitulo4/mi_mean_wav_scaler_stp.pdf>]
LaTeX Info: Redefining \. on input line 124.
LaTeX Info: Redefining \% on input line 124.
 [53 </home/alvaro/Documents/IB/Semestre 7/TM/GitHub/masters-thesis-latex/figuras/capitulo4/mi_pca_wav_scaler_stp.pdf>]
Ap\'{e}ndice B.
[54


]
<figuras/capitulo3/metricas_promedio.pdf, id=2537, 962.43549pt x 713.43884pt>
File: figuras/capitulo3/metricas_promedio.pdf Graphic file (type pdf)
<use figuras/capitulo3/metricas_promedio.pdf>
Package pdftex.def Info: figuras/capitulo3/metricas_promedio.pdf  used on input line 136.
(pdftex.def)             Requested size: 394.35739pt x 292.33763pt.
LaTeX Info: Redefining \. on input line 143.
LaTeX Info: Redefining \% on input line 143.
 [55

 </home/alvaro/Documents/IB/Semestre 7/TM/GitHub/masters-thesis-latex/figuras/capitulo3/metricas_promedio.pdf>]
<figuras/capitulo3/metricas_pendiente.pdf, id=2545, 956.68219pt x 725.13152pt>
File: figuras/capitulo3/metricas_pendiente.pdf Graphic file (type pdf)
<use figuras/capitulo3/metricas_pendiente.pdf>
Package pdftex.def Info: figuras/capitulo3/metricas_pendiente.pdf  used on input line 149.
(pdftex.def)             Requested size: 394.35739pt x 298.91022pt.
LaTeX Info: Redefining \. on input line 156.
LaTeX Info: Redefining \% on input line 156.
 [56

 </home/alvaro/Documents/IB/Semestre 7/TM/GitHub/masters-thesis-latex/figuras/capitulo3/metricas_pendiente.pdf>]
<figuras/capitulo3/metricas_rmse.pdf, id=2567, 960.92926pt x 732.53362pt>
File: figuras/capitulo3/metricas_rmse.pdf Graphic file (type pdf)
<use figuras/capitulo3/metricas_rmse.pdf>
Package pdftex.def Info: figuras/capitulo3/metricas_rmse.pdf  used on input line 162.
(pdftex.def)             Requested size: 394.35739pt x 300.63135pt.
LaTeX Info: Redefining \. on input line 169.
LaTeX Info: Redefining \% on input line 169.
 [57

 </home/alvaro/Documents/IB/Semestre 7/TM/GitHub/masters-thesis-latex/figuras/capitulo3/metricas_rmse.pdf>]
Ap\'{e}ndice C.
<figuras/capitulo4/umap_wav.png, id=2574, 896.6298pt x 1188.1188pt>
File: figuras/capitulo4/umap_wav.png Graphic file (type png)
<use figuras/capitulo4/umap_wav.png>
Package pdftex.def Info: figuras/capitulo4/umap_wav.png  used on input line 179.
(pdftex.def)             Requested size: 358.50229pt x 475.03969pt.
<figuras/capitulo4/umap_stp.png, id=2575, 869.1672pt x 1192.455pt>
File: figuras/capitulo4/umap_stp.png Graphic file (type png)
<use figuras/capitulo4/umap_stp.png>
Package pdftex.def Info: figuras/capitulo4/umap_stp.png  used on input line 186.
(pdftex.def)             Requested size: 358.50229pt x 491.83917pt.
[58


]
LaTeX Info: Redefining \. on input line 191.
LaTeX Info: Redefining \% on input line 191.
 [59 </home/alvaro/Documents/IB/Semestre 7/TM/GitHub/masters-thesis-latex/figuras/capitulo4/umap_wav.png>]
LaTeX Info: Redefining \. on input line 191.
LaTeX Info: Redefining \% on input line 191.
 [60 </home/alvaro/Documents/IB/Semestre 7/TM/GitHub/masters-thesis-latex/figuras/capitulo4/umap_stp.png>]
<figuras/capitulo4/label_serie_mapa_wav.png, id=2590, 462.528pt x 334.3692pt>
File: figuras/capitulo4/label_serie_mapa_wav.png Graphic file (type png)
<use figuras/capitulo4/label_serie_mapa_wav.png>
Package pdftex.def Info: figuras/capitulo4/label_serie_mapa_wav.png  used on input line 197.
(pdftex.def)             Requested size: 278.83578pt x 201.58224pt.
<figuras/capitulo4/label_secuencia_wav.png, id=2593, 567.5604pt x 332.9238pt>
File: figuras/capitulo4/label_secuencia_wav.png Graphic file (type png)
<use figuras/capitulo4/label_secuencia_wav.png>
Package pdftex.def Info: figuras/capitulo4/label_secuencia_wav.png  used on input line 205.
(pdftex.def)             Requested size: 278.83578pt x 163.56587pt.
<figuras/capitulo4/mi_labels_wav.pdf, id=2596, 639.04733pt x 383.79071pt>
File: figuras/capitulo4/mi_labels_wav.pdf Graphic file (type pdf)
<use figuras/capitulo4/mi_labels_wav.pdf>
Package pdftex.def Info: figuras/capitulo4/mi_labels_wav.pdf  used on input line 213.
(pdftex.def)             Requested size: 278.83578pt x 167.46295pt.
<figuras/capitulo4/mi_labels_pca.pdf, id=2597, 440.26907pt x 351.89812pt>
File: figuras/capitulo4/mi_labels_pca.pdf Graphic file (type pdf)
<use figuras/capitulo4/mi_labels_pca.pdf>
Package pdftex.def Info: figuras/capitulo4/mi_labels_pca.pdf  used on input line 220.
(pdftex.def)             Requested size: 278.83578pt x 222.87291pt.
<figuras/capitulo4/mi_contra_labels_scaler_stp.pdf, id=2598, 628.61774pt x 565.77504pt>
File: figuras/capitulo4/mi_contra_labels_scaler_stp.pdf Graphic file (type pdf)
<use figuras/capitulo4/mi_contra_labels_scaler_stp.pdf>
Package pdftex.def Info: figuras/capitulo4/mi_contra_labels_scaler_stp.pdf  used on input line 227.
(pdftex.def)             Requested size: 278.83578pt x 250.96191pt.
<figuras/capitulo4/label_serie_mapa_stp.png, id=2599, 465.9006pt x 334.3692pt>
File: figuras/capitulo4/label_serie_mapa_stp.png Graphic file (type png)
<use figuras/capitulo4/label_serie_mapa_stp.png>
Package pdftex.def Info: figuras/capitulo4/label_serie_mapa_stp.png  used on input line 234.
(pdftex.def)             Requested size: 278.83578pt x 200.12306pt.
<figuras/capitulo4/label_secuencia_stp.png, id=2602, 570.933pt x 332.9238pt>
File: figuras/capitulo4/label_secuencia_stp.png Graphic file (type png)
<use figuras/capitulo4/label_secuencia_stp.png>
Package pdftex.def Info: figuras/capitulo4/label_secuencia_stp.png  used on input line 242.
(pdftex.def)             Requested size: 278.83578pt x 162.60068pt.
<figuras/capitulo4/mi_labels_scaler_stp.pdf, id=2605, 630.53113pt x 565.77504pt>
File: figuras/capitulo4/mi_labels_scaler_stp.pdf Graphic file (type pdf)
<use figuras/capitulo4/mi_labels_scaler_stp.pdf>
Package pdftex.def Info: figuras/capitulo4/mi_labels_scaler_stp.pdf  used on input line 250.
(pdftex.def)             Requested size: 278.83578pt x 250.21085pt.
<figuras/capitulo4/mi_contra_labels_wav.pdf, id=2606, 640.96072pt x 383.79071pt>
File: figuras/capitulo4/mi_contra_labels_wav.pdf Graphic file (type pdf)
<use figuras/capitulo4/mi_contra_labels_wav.pdf>
Package pdftex.def Info: figuras/capitulo4/mi_contra_labels_wav.pdf  used on input line 257.
(pdftex.def)             Requested size: 278.83578pt x 166.96516pt.
<figuras/capitulo4/mi_contra_labels_pca.pdf, id=2607, 442.18248pt x 351.89812pt>
File: figuras/capitulo4/mi_contra_labels_pca.pdf Graphic file (type pdf)
<use figuras/capitulo4/mi_contra_labels_pca.pdf>
Package pdftex.def Info: figuras/capitulo4/mi_contra_labels_pca.pdf  used on input line 264.
(pdftex.def)             Requested size: 278.83578pt x 221.91176pt.
)
LaTeX Info: Redefining \. on input line 43.
LaTeX Info: Redefining \% on input line 43.
 [61

 </home/alvaro/Documents/IB/Semestre 7/TM/GitHub/masters-thesis-latex/figuras/capitulo4/label_serie_mapa_wav.png> </home/alvaro/Documents/IB/Semestre 7/TM/GitHub/masters-thesis-latex/figuras/capitulo4/label_secuencia_wav.png>]
LaTeX Info: Redefining \. on input line 43.
LaTeX Info: Redefining \% on input line 43.
 [62 </home/alvaro/Documents/IB/Semestre 7/TM/GitHub/masters-thesis-latex/figuras/capitulo4/mi_labels_wav.pdf> </home/alvaro/Documents/IB/Semestre 7/TM/GitHub/masters-thesis-latex/figuras/capitulo4/mi_labels_pca.pdf

pdfTeX warning: pdflatex (file /home/alvaro/Documents/IB/Semestre 7/TM/GitHub/masters-thesis-latex/figuras/capitulo4/mi_labels_pca.pdf): PDF inclusion: multiple pdfs with page group included in a single page
>]
LaTeX Info: Redefining \. on input line 43.
LaTeX Info: Redefining \% on input line 43.
 [63 </home/alvaro/Documents/IB/Semestre 7/TM/GitHub/masters-thesis-latex/figuras/capitulo4/mi_contra_labels_scaler_stp.pdf> </home/alvaro/Documents/IB/Semestre 7/TM/GitHub/masters-thesis-latex/figuras/capitulo4/label_serie_mapa_stp.png>]
LaTeX Info: Redefining \. on input line 43.
LaTeX Info: Redefining \% on input line 43.
 [64 </home/alvaro/Documents/IB/Semestre 7/TM/GitHub/masters-thesis-latex/figuras/capitulo4/label_secuencia_stp.png> </home/alvaro/Documents/IB/Semestre 7/TM/GitHub/masters-thesis-latex/figuras/capitulo4/mi_labels_scaler_stp.pdf>]
LaTeX Info: Redefining \. on input line 43.
LaTeX Info: Redefining \% on input line 43.
 [65 </home/alvaro/Documents/IB/Semestre 7/TM/GitHub/masters-thesis-latex/figuras/capitulo4/mi_contra_labels_wav.pdf> </home/alvaro/Documents/IB/Semestre 7/TM/GitHub/masters-thesis-latex/figuras/capitulo4/mi_contra_labels_pca.pdf

pdfTeX warning: pdflatex (file /home/alvaro/Documents/IB/Semestre 7/TM/GitHub/masters-thesis-latex/figuras/capitulo4/mi_contra_labels_pca.pdf): PDF inclusion: multiple pdfs with page group included in a single page
>] (/home/alvaro/Documents/IB/Semestre 7/TM/GitHub/masters-thesis-latex/z-main.lof
LaTeX Info: Redefining \. on input line 2.
LaTeX Info: Redefining \% on input line 2.
LaTeX Info: Redefining \. on input line 6.
LaTeX Info: Redefining \% on input line 6.
LaTeX Info: Redefining \. on input line 8.
LaTeX Info: Redefining \% on input line 8.
 [66


]
Underfull \vbox (badness 10000) has occurred while \output is active []

LaTeX Info: Redefining \. on input line 29.
LaTeX Info: Redefining \% on input line 29.
 [67]
LaTeX Info: Redefining \. on input line 38.
LaTeX Info: Redefining \% on input line 38.
 [68]
Underfull \vbox (badness 10000) has occurred while \output is active []

LaTeX Info: Redefining \. on input line 50.
LaTeX Info: Redefining \% on input line 50.
 [69])
\tf@lof=\write7
\openout7 = `z-main.lof'.

LaTeX Info: Redefining \. on input line 46.
LaTeX Info: Redefining \% on input line 46.
 [70] (/home/alvaro/Documents/IB/Semestre 7/TM/GitHub/masters-thesis-latex/z-main.lot
LaTeX Info: Redefining \. on input line 2.
LaTeX Info: Redefining \% on input line 2.
LaTeX Info: Redefining \. on input line 6.
LaTeX Info: Redefining \% on input line 6.
LaTeX Info: Redefining \. on input line 8.
LaTeX Info: Redefining \% on input line 8.
)
\tf@lot=\write8
\openout8 = `z-main.lot'.

 [71

]
Package atveryend Info: Empty hook `BeforeClearDocument' on input line 49.
Package atveryend Info: Empty hook `AfterLastShipout' on input line 49.
 (/home/alvaro/Documents/IB/Semestre 7/TM/GitHub/masters-thesis-latex/z-main.aux
LaTeX Info: Redefining \. on input line 28.
LaTeX Info: Redefining \% on input line 28.
LaTeX Info: Redefining \. on input line 36.
LaTeX Info: Redefining \% on input line 36.
LaTeX Info: Redefining \. on input line 38.
LaTeX Info: Redefining \% on input line 38.
 (/home/alvaro/Documents/IB/Semestre 7/TM/GitHub/masters-thesis-latex/introduccion.aux) (/home/alvaro/Documents/IB/Semestre 7/TM/GitHub/masters-thesis-latex/capitulo1.aux) (/home/alvaro/Documents/IB/Semestre 7/TM/GitHub/masters-thesis-latex/capitulo2.aux) (/home/alvaro/Documents/IB/Semestre 7/TM/GitHub/masters-thesis-latex/capitulo3.aux) (/home/alvaro/Documents/IB/Semestre 7/TM/GitHub/masters-thesis-latex/capitulo4.aux) (/home/alvaro/Documents/IB/Semestre 7/TM/GitHub/masters-thesis-latex/conclusiones.aux) (/home/alvaro/Documents/IB/Semestre 7/TM/GitHub/masters-thesis-latex/apendice.aux))
Package atveryend Info: Executing hook `AtVeryEndDocument' on input line 49.
Package atveryend Info: Executing hook `AtEndAfterFileList' on input line 49.
Package rerunfilecheck Info: File `z-main.out' has not changed.
(rerunfilecheck)             Checksum: E8451748FAA1792E4AB0BD30668A0D26;2362.
Package logreq Info: Writing requests to 'z-main.run.xml'.
\openout1 = `z-main.run.xml'.

Package atveryend Info: Empty hook `AtVeryVeryEnd' on input line 49.
 ) 
Here is how much of TeX's memory you used:
 32524 strings out of 481239
 637030 string characters out of 5920377
 1323681 words of memory out of 5000000
 46899 multiletter control sequences out of 15000+600000
 556362 words of font info for 84 fonts, out of 8000000 for 9000
 1141 hyphenation exceptions out of 8191
 66i,13n,66p,3116b,3810s stack positions out of 5000i,500n,10000p,200000b,80000s
{/usr/share/texmf/fonts/enc/dvips/cm-super/cm-super-t1.enc}</usr/share/texlive/texmf-dist/fonts/type1/public/amsfonts/cm/cmbx10.pfb></usr/share/texlive/texmf-dist/fonts/type1/public/amsfonts/cm/cmbx7.pfb></usr/share/texlive/texmf-dist/fonts/type1/public/amsfonts/cm/cmex10.pfb></usr/share/texlive/texmf-dist/fonts/type1/public/amsfonts/cm/cmmi10.pfb></usr/share/texlive/texmf-dist/fonts/type1/public/amsfonts/cm/cmmi7.pfb></usr/share/texlive/texmf-dist/fonts/type1/public/amsfonts/cm/cmr10.pfb></usr/share/texlive/texmf-dist/fonts/type1/public/amsfonts/cm/cmr7.pfb></usr/share/texlive/texmf-dist/fonts/type1/public/amsfonts/cm/cmsy10.pfb></usr/share/texlive/texmf-dist/fonts/type1/public/amsfonts/cm/cmsy7.pfb></usr/share/texlive/texmf-dist/fonts/type1/public/amsfonts/symbols/msbm10.pfb></usr/share/texmf/fonts/type1/public/cm-super/sfbi1000.pfb></usr/share/texmf/fonts/type1/public/cm-super/sfbi1440.pfb></usr/share/texmf/fonts/type1/public/cm-super/sfbx1000.pfb></usr/share/texmf/fonts/type1/public/cm-super/sfbx1200.pfb></usr/share/texmf/fonts/type1/public/cm-super/sfbx1440.pfb></usr/share/texmf/fonts/type1/public/cm-super/sfbx2074.pfb></usr/share/texmf/fonts/type1/public/cm-super/sfbx2488.pfb></usr/share/texmf/fonts/type1/public/cm-super/sfcc1000.pfb></usr/share/texmf/fonts/type1/public/cm-super/sfrm0700.pfb></usr/share/texmf/fonts/type1/public/cm-super/sfrm1000.pfb></usr/share/texmf/fonts/type1/public/cm-super/sfrm1200.pfb></usr/share/texmf/fonts/type1/public/cm-super/sfrm1440.pfb></usr/share/texmf/fonts/type1/public/cm-super/sfsi1000.pfb></usr/share/texmf/fonts/type1/public/cm-super/sfso1000.pfb></usr/share/texmf/fonts/type1/public/cm-super/sfss1000.pfb></usr/share/texmf/fonts/type1/public/cm-super/sfsx1000.pfb></usr/share/texmf/fonts/type1/public/cm-super/sfti1000.pfb></usr/share/texmf/fonts/type1/public/cm-super/sftt1000.pfb>
Output written on "/home/alvaro/Documents/IB/Semestre 7/TM/GitHub/masters-thesis-latex/z-main.pdf" (77 pages, 20956675 bytes).
PDF statistics:
 3411 PDF objects out of 3580 (max. 8388607)
 2214 compressed objects within 23 object streams
 207 named destinations out of 1000 (max. 500000)
 532 words of extra memory for PDF output out of 10000 (max. 10000000)

